   1               		.file	"measureNTT_7681_256.c"
   2               	__SP_H__ = 0x3e
   3               	__SP_L__ = 0x3d
   4               	__SREG__ = 0x3f
   5               	__RAMPZ__ = 0x3b
   6               	__RAMPY__ = 0x3a
   7               	__RAMPX__ = 0x39
   8               	__RAMPD__ = 0x38
   9               	__CCP__ = 0x34
  10               	__tmp_reg__ = 0
  11               	__zero_reg__ = 1
  13               		.text
  14               	.Ltext0:
 456               		.section	.rodata.do_measurement_7681_256.str1.1,"aMS",@progbits,1
 457               	.LC0:
 458 0000 4D65 6173 		.string	"Measure NTT with n = 256 and q = 7681:\n\r"
 458      7572 6520 
 458      4E54 5420 
 458      7769 7468 
 458      206E 203D 
 459               	.LC1:
 460 0029 4E54 5420 		.string	"NTT Transformation (CT_no_to_bo_incl_psi): "
 460      5472 616E 
 460      7366 6F72 
 460      6D61 7469 
 460      6F6E 2028 
 461               	.LC2:
 462 0055 4E54 5420 		.string	"NTT Transformation (CT_no_to_bo_incl_psi_nolookup): "
 462      5472 616E 
 462      7366 6F72 
 462      6D61 7469 
 462      6F6E 2028 
 463               	.LC3:
 464 008a 4E54 5420 		.string	"NTT Transformation (GS_bo_to_no_incl_invpsi): "
 464      5472 616E 
 464      7366 6F72 
 464      6D61 7469 
 464      6F6E 2028 
 465               	.LC4:
 466 00b9 7077 5F6D 		.string	"pw_mul_flash: "
 466      756C 5F66 
 466      6C61 7368 
 466      3A20 00
 467               	.LC5:
 468 00c8 7077 5F6D 		.string	"pw_mul_flash (naive): "
 468      756C 5F66 
 468      6C61 7368 
 468      2028 6E61 
 468      6976 6529 
 469               	.LC6:
 470 00df 7077 5F70 		.string	"pw_psi_mul: "
 470      7369 5F6D 
 470      756C 3A20 
 470      00
 471               	.LC7:
 472 00ec 4164 643A 		.string	"Add: "
 472      2000 
 473               	.LC8:
 474 00f2 4761 7573 		.string	"Gaussian Poly Generation: "
 474      7369 616E 
 474      2050 6F6C 
 474      7920 4765 
 474      6E65 7261 
 475               	.LC9:
 476 010d 5261 6E64 		.string	"Random Poly Generation: "
 476      6F6D 2050 
 476      6F6C 7920 
 476      4765 6E65 
 476      7261 7469 
 477               	.LC11:
 478 0126 456E 6372 		.string	"Encryption: "
 478      7970 7469 
 478      6F6E 3A20 
 478      00
 479               	.LC12:
 480 0133 4465 6372 		.string	"Decryption: "
 480      7970 7469 
 480      6F6E 3A20 
 480      00
 481               	.LC13:
 482 0140 456E 636F 		.string	"Encoding: "
 482      6469 6E67 
 482      3A20 00
 483               	.LC14:
 484 014b 4465 636F 		.string	"Decoding: "
 484      6469 6E67 
 484      3A20 00
 485               	.LC15:
 486 0156 0A0D 00   		.string	"\n\r"
 487               	.LC10:
 488 0159 6F6E 6574 		.string	"onetwothreefourfonetwothreefourf"
 488      776F 7468 
 488      7265 6566 
 488      6F75 7266 
 488      6F6E 6574 
 489               		.section	.text.do_measurement_7681_256,"ax",@progbits
 491               	.global	do_measurement_7681_256
 493               	do_measurement_7681_256:
   1:profiling/measureNTT_7681_256.c **** #include <inttypes.h>
   2:profiling/measureNTT_7681_256.c **** #include "../device/usart_driver.h"
   3:profiling/measureNTT_7681_256.c **** #include "../device/clksys_driver.h"
   4:profiling/measureNTT_7681_256.c **** 
   5:profiling/measureNTT_7681_256.c **** #include "../crypto/p7681/ntt_7681_256.h"
   6:profiling/measureNTT_7681_256.c **** #include "../crypto/p7681/param_256_7681.h"
   7:profiling/measureNTT_7681_256.c **** #include "../crypto/p7681/mm7681.h"
   8:profiling/measureNTT_7681_256.c **** 
   9:profiling/measureNTT_7681_256.c **** #include "profiling.h"
  10:profiling/measureNTT_7681_256.c **** #include <stdio.h>
  11:profiling/measureNTT_7681_256.c **** #include <string.h>
  12:profiling/measureNTT_7681_256.c **** 
  13:profiling/measureNTT_7681_256.c **** #include "../crypto/p7681/ntt_7681_256_const.data"
  14:profiling/measureNTT_7681_256.c **** 
  15:profiling/measureNTT_7681_256.c **** #include "../keys/keypair_N_256_7681_1132.data"                 
  16:profiling/measureNTT_7681_256.c **** #include "../device/measureRAM.h"
  17:profiling/measureNTT_7681_256.c **** 
  18:profiling/measureNTT_7681_256.c **** static int16_t start, end;
  19:profiling/measureNTT_7681_256.c **** 
  20:profiling/measureNTT_7681_256.c **** 
  21:profiling/measureNTT_7681_256.c **** static void measureNTT_7681_256(uint16_t * a, uint16_t * b)
  22:profiling/measureNTT_7681_256.c **** {	
  23:profiling/measureNTT_7681_256.c ****   uint64_t mean = 0;
  24:profiling/measureNTT_7681_256.c **** 
  25:profiling/measureNTT_7681_256.c ****   	for(int i = 0; i<MAX_MEASUREMENT;i++)
  26:profiling/measureNTT_7681_256.c ****     	{
  27:profiling/measureNTT_7681_256.c ****       		generateRandomPolyTable_7681_256(a);
  28:profiling/measureNTT_7681_256.c **** 					
  29:profiling/measureNTT_7681_256.c ****       		startMeasurement();		
  30:profiling/measureNTT_7681_256.c **** 													
  31:profiling/measureNTT_7681_256.c ****       		ntt_CT_no_to_bo_incl_psi_7681_256((int16_t*)a,psibitrev_7681_256);
  32:profiling/measureNTT_7681_256.c **** 					
  33:profiling/measureNTT_7681_256.c ****       		stopMeasurement(&mean);
  34:profiling/measureNTT_7681_256.c ****     	}
  35:profiling/measureNTT_7681_256.c **** 	
  36:profiling/measureNTT_7681_256.c ****   	printResult(&mean, "NTT Transformation (CT_no_to_bo_incl_psi): ");
  37:profiling/measureNTT_7681_256.c **** 
  38:profiling/measureNTT_7681_256.c **** 	for(int i = 0; i<MAX_MEASUREMENT;i++)
  39:profiling/measureNTT_7681_256.c ****     	{
  40:profiling/measureNTT_7681_256.c ****       		generateRandomPolyTable_7681_256(a);
  41:profiling/measureNTT_7681_256.c **** 					
  42:profiling/measureNTT_7681_256.c ****       		startMeasurement();		
  43:profiling/measureNTT_7681_256.c **** 													
  44:profiling/measureNTT_7681_256.c ****       		ntt_CT_no_to_bo_incl_psi_7681_256_nolookup((int16_t*)a,psibitrev_7681_256);
  45:profiling/measureNTT_7681_256.c **** 					
  46:profiling/measureNTT_7681_256.c ****       		stopMeasurement(&mean);
  47:profiling/measureNTT_7681_256.c ****     	}
  48:profiling/measureNTT_7681_256.c **** 	
  49:profiling/measureNTT_7681_256.c ****   	printResult(&mean, "NTT Transformation (CT_no_to_bo_incl_psi_nolookup): ");
  50:profiling/measureNTT_7681_256.c **** 
  51:profiling/measureNTT_7681_256.c ****   	for(int i = 0; i<MAX_MEASUREMENT;i++)
  52:profiling/measureNTT_7681_256.c ****     	{
  53:profiling/measureNTT_7681_256.c ****       		generateRandomPolyTable_7681_256(a);
  54:profiling/measureNTT_7681_256.c **** 					
  55:profiling/measureNTT_7681_256.c ****       		startMeasurement();		
  56:profiling/measureNTT_7681_256.c **** 													
  57:profiling/measureNTT_7681_256.c ****       		ntt_GS_bo_to_no_incl_invpsi_7681_256((int16_t*)a,omegainvbitrev_7681_256);
  58:profiling/measureNTT_7681_256.c **** 					
  59:profiling/measureNTT_7681_256.c ****       		stopMeasurement(&mean);
  60:profiling/measureNTT_7681_256.c ****     	}
  61:profiling/measureNTT_7681_256.c **** 	
  62:profiling/measureNTT_7681_256.c ****   	printResult(&mean, "NTT Transformation (GS_bo_to_no_incl_invpsi): ");
  63:profiling/measureNTT_7681_256.c **** 	
  64:profiling/measureNTT_7681_256.c ****   for(int i = 0; i<MAX_MEASUREMENT;i++)
  65:profiling/measureNTT_7681_256.c ****     {
  66:profiling/measureNTT_7681_256.c ****       generateRandomPolyTable_7681_256(a);
  67:profiling/measureNTT_7681_256.c ****       generateRandomPolyTable_7681_256(b);
  68:profiling/measureNTT_7681_256.c **** 
  69:profiling/measureNTT_7681_256.c ****       startMeasurement();		
  70:profiling/measureNTT_7681_256.c **** 										
  71:profiling/measureNTT_7681_256.c ****       pw_mul_flash_7681_256(a,b);
  72:profiling/measureNTT_7681_256.c **** 					
  73:profiling/measureNTT_7681_256.c ****       stopMeasurement(&mean);
  74:profiling/measureNTT_7681_256.c ****     }
  75:profiling/measureNTT_7681_256.c **** 
  76:profiling/measureNTT_7681_256.c ****   printResult(&mean, "pw_mul_flash: ");
  77:profiling/measureNTT_7681_256.c **** 
  78:profiling/measureNTT_7681_256.c **** 
  79:profiling/measureNTT_7681_256.c **** 
  80:profiling/measureNTT_7681_256.c ****   for(int i = 0; i<MAX_MEASUREMENT;i++)
  81:profiling/measureNTT_7681_256.c ****     {
  82:profiling/measureNTT_7681_256.c ****       generateRandomPolyTable_7681_256(a);
  83:profiling/measureNTT_7681_256.c **** 
  84:profiling/measureNTT_7681_256.c ****       startMeasurement();		
  85:profiling/measureNTT_7681_256.c **** 										
  86:profiling/measureNTT_7681_256.c ****       for(int j = 0; j<256; j++){		   
  87:profiling/measureNTT_7681_256.c **** 	a[j] = (uint32_t) a[j] * pgm_read_word(omegainvbitrev_7681_256) % 7681;     
  88:profiling/measureNTT_7681_256.c ****       }
  89:profiling/measureNTT_7681_256.c **** 					
  90:profiling/measureNTT_7681_256.c ****       stopMeasurement(&mean);
  91:profiling/measureNTT_7681_256.c ****     }
  92:profiling/measureNTT_7681_256.c **** 	
  93:profiling/measureNTT_7681_256.c ****   printResult(&mean, "pw_mul_flash (naive): ");
  94:profiling/measureNTT_7681_256.c **** 
  95:profiling/measureNTT_7681_256.c **** 	for(int i = 0; i<MAX_MEASUREMENT;i++)
  96:profiling/measureNTT_7681_256.c **** 	{
  97:profiling/measureNTT_7681_256.c **** 		generateRandomPolyTable_7681_256(a);
  98:profiling/measureNTT_7681_256.c **** 
  99:profiling/measureNTT_7681_256.c **** 		start = startRAM(__malloc_heap_start);  	
 100:profiling/measureNTT_7681_256.c **** 		startMeasurement();		
 101:profiling/measureNTT_7681_256.c **** 										
 102:profiling/measureNTT_7681_256.c **** 		pw_psi_7681(a, 1, PSI_VAL);
 103:profiling/measureNTT_7681_256.c **** 
 104:profiling/measureNTT_7681_256.c **** 		stopMeasurement(&mean);
 105:profiling/measureNTT_7681_256.c **** 		end = endRAM();							
 106:profiling/measureNTT_7681_256.c **** 	}
 107:profiling/measureNTT_7681_256.c **** 	
 108:profiling/measureNTT_7681_256.c **** 	printResultRAM(&mean, start-end,  "pw_psi_mul: ");
 109:profiling/measureNTT_7681_256.c **** 
 110:profiling/measureNTT_7681_256.c **** 
 111:profiling/measureNTT_7681_256.c ****   for(int i = 0; i<MAX_MEASUREMENT;i++)
 112:profiling/measureNTT_7681_256.c **** 	{
 113:profiling/measureNTT_7681_256.c **** 		generateRandomPolyTable_7681_256(a);
 114:profiling/measureNTT_7681_256.c **** 		generateRandomPolyTable_7681_256(b);
 115:profiling/measureNTT_7681_256.c **** 
 116:profiling/measureNTT_7681_256.c **** 		startMeasurement();		
 117:profiling/measureNTT_7681_256.c **** 
 118:profiling/measureNTT_7681_256.c **** 	        add_7681(a, b, a);							
 119:profiling/measureNTT_7681_256.c **** 							
 120:profiling/measureNTT_7681_256.c **** 		stopMeasurement(&mean);
 121:profiling/measureNTT_7681_256.c **** 	}
 122:profiling/measureNTT_7681_256.c **** 	
 123:profiling/measureNTT_7681_256.c **** 	printResult(&mean, "Add: ");		
 124:profiling/measureNTT_7681_256.c **** }
 125:profiling/measureNTT_7681_256.c **** 	
 126:profiling/measureNTT_7681_256.c **** static void measurePolyGeneration_7681_256(uint16_t * a)
 127:profiling/measureNTT_7681_256.c **** {
 128:profiling/measureNTT_7681_256.c **** 	uint64_t mean = 0;
 129:profiling/measureNTT_7681_256.c **** 	
 130:profiling/measureNTT_7681_256.c **** 	for(int i = 0; i<MAX_MEASUREMENT;i++)
 131:profiling/measureNTT_7681_256.c **** 	{					
 132:profiling/measureNTT_7681_256.c **** 		startMeasurement();		
 133:profiling/measureNTT_7681_256.c **** 			
 134:profiling/measureNTT_7681_256.c **** 		get_gauss_poly_7681_256(a,0);									       
 135:profiling/measureNTT_7681_256.c **** 					
 136:profiling/measureNTT_7681_256.c **** 		stopMeasurement(&mean);
 137:profiling/measureNTT_7681_256.c **** 	}
 138:profiling/measureNTT_7681_256.c **** 	
 139:profiling/measureNTT_7681_256.c **** 	printResult(&mean, "Gaussian Poly Generation: ");
 140:profiling/measureNTT_7681_256.c **** 	
 141:profiling/measureNTT_7681_256.c **** 	for(int i = 0; i<MAX_MEASUREMENT;i++)
 142:profiling/measureNTT_7681_256.c **** 	{
 143:profiling/measureNTT_7681_256.c **** 		startMeasurement();		
 144:profiling/measureNTT_7681_256.c **** 										
 145:profiling/measureNTT_7681_256.c **** 		generateRandomPolyTable_7681_256(a);
 146:profiling/measureNTT_7681_256.c **** 					
 147:profiling/measureNTT_7681_256.c **** 		stopMeasurement(&mean);
 148:profiling/measureNTT_7681_256.c **** 	}
 149:profiling/measureNTT_7681_256.c **** 	
 150:profiling/measureNTT_7681_256.c **** 	printResult(&mean, "Random Poly Generation: ");	
 151:profiling/measureNTT_7681_256.c **** }
 152:profiling/measureNTT_7681_256.c **** 
 153:profiling/measureNTT_7681_256.c **** static void measureLWEOperations_7681_256(uint16_t * a, uint16_t * b)
 154:profiling/measureNTT_7681_256.c **** {
 155:profiling/measureNTT_7681_256.c **** 	uint64_t mean = 0;
 156:profiling/measureNTT_7681_256.c **** 	char msg[paramN/8+1] = "onetwothreefourfonetwothreefourf";
 157:profiling/measureNTT_7681_256.c **** 	
 158:profiling/measureNTT_7681_256.c **** 	for(int i = 0; i<MAX_MEASUREMENT;i++)
 159:profiling/measureNTT_7681_256.c **** 	{
 160:profiling/measureNTT_7681_256.c **** 		generateRandomPolyTable_7681_256(a);
 161:profiling/measureNTT_7681_256.c **** 		generateRandomPolyTable_7681_256(b);
 162:profiling/measureNTT_7681_256.c **** 							
 163:profiling/measureNTT_7681_256.c **** 		msg[0]= (char) i;
 164:profiling/measureNTT_7681_256.c **** 		msg[1]= (char) i+10;
 165:profiling/measureNTT_7681_256.c **** 		msg[2]= (char) i+55;
 166:profiling/measureNTT_7681_256.c **** 		
 167:profiling/measureNTT_7681_256.c **** 		start = startRAM(__malloc_heap_start);						
 168:profiling/measureNTT_7681_256.c **** 		startMeasurement();		
 169:profiling/measureNTT_7681_256.c **** 
 170:profiling/measureNTT_7681_256.c **** 		encrypt_7681_256((uint8_t*)msg,a,b, pubKeyA_7681_256, pubKeyP_7681_256);
 171:profiling/measureNTT_7681_256.c **** 
 172:profiling/measureNTT_7681_256.c **** 		stopMeasurement(&mean);
 173:profiling/measureNTT_7681_256.c **** 		end = endRAM(); 						
 174:profiling/measureNTT_7681_256.c **** 
 175:profiling/measureNTT_7681_256.c **** 	}
 176:profiling/measureNTT_7681_256.c **** 	
 177:profiling/measureNTT_7681_256.c **** 	printResultRAM(&mean, start-end,  "Encryption: ");
 178:profiling/measureNTT_7681_256.c **** 	
 179:profiling/measureNTT_7681_256.c **** 
 180:profiling/measureNTT_7681_256.c **** 	
 181:profiling/measureNTT_7681_256.c **** 	for(int i = 0; i<MAX_MEASUREMENT;i++)
 182:profiling/measureNTT_7681_256.c **** 	{
 183:profiling/measureNTT_7681_256.c **** 
 184:profiling/measureNTT_7681_256.c **** 		generateRandomPolyTable_7681_256(a);
 185:profiling/measureNTT_7681_256.c **** 		generateRandomPolyTable_7681_256(b);
 186:profiling/measureNTT_7681_256.c **** 							
 187:profiling/measureNTT_7681_256.c **** 		start = startRAM(__malloc_heap_start);	 
 188:profiling/measureNTT_7681_256.c **** 		startMeasurement();		
 189:profiling/measureNTT_7681_256.c **** 
 190:profiling/measureNTT_7681_256.c **** 		decrypt_7681_256((uint8_t*)msg,a,b, prvKeyR2_7681_256);
 191:profiling/measureNTT_7681_256.c **** 
 192:profiling/measureNTT_7681_256.c **** 		stopMeasurement(&mean);
 193:profiling/measureNTT_7681_256.c **** 		end = endRAM(); 						
 194:profiling/measureNTT_7681_256.c **** 	}
 195:profiling/measureNTT_7681_256.c **** 	
 196:profiling/measureNTT_7681_256.c **** 	printResultRAM(&mean, start-end,  "Decryption: ");
 197:profiling/measureNTT_7681_256.c **** 	
 198:profiling/measureNTT_7681_256.c **** 
 199:profiling/measureNTT_7681_256.c **** 	
 200:profiling/measureNTT_7681_256.c **** 	for(int i = 0; i<MAX_MEASUREMENT;i++)
 201:profiling/measureNTT_7681_256.c **** 	{
 202:profiling/measureNTT_7681_256.c **** 		msg[0]= (char) i;
 203:profiling/measureNTT_7681_256.c **** 		msg[1]= (char) i+10;
 204:profiling/measureNTT_7681_256.c **** 		msg[2]= (char) i+55;
 205:profiling/measureNTT_7681_256.c **** 							
 206:profiling/measureNTT_7681_256.c **** 		startMeasurement();		
 207:profiling/measureNTT_7681_256.c **** 													
 208:profiling/measureNTT_7681_256.c **** 		add_encode_7681_256((uint8_t*)msg,a);
 209:profiling/measureNTT_7681_256.c **** 					
 210:profiling/measureNTT_7681_256.c **** 		stopMeasurement(&mean);
 211:profiling/measureNTT_7681_256.c **** 	}
 212:profiling/measureNTT_7681_256.c **** 	
 213:profiling/measureNTT_7681_256.c **** 	printResult(&mean, "Encoding: ");
 214:profiling/measureNTT_7681_256.c **** 	
 215:profiling/measureNTT_7681_256.c **** 	for(int i = 0; i<MAX_MEASUREMENT;i++)
 216:profiling/measureNTT_7681_256.c **** 	{
 217:profiling/measureNTT_7681_256.c **** 		generateRandomPolyTable_7681_256(a);
 218:profiling/measureNTT_7681_256.c **** 							
 219:profiling/measureNTT_7681_256.c **** 		startMeasurement();		
 220:profiling/measureNTT_7681_256.c **** 													
 221:profiling/measureNTT_7681_256.c **** 		decode_7681_256(a, (uint8_t*)msg);
 222:profiling/measureNTT_7681_256.c **** 					
 223:profiling/measureNTT_7681_256.c **** 		stopMeasurement(&mean);
 224:profiling/measureNTT_7681_256.c **** 	}
 225:profiling/measureNTT_7681_256.c **** 	
 226:profiling/measureNTT_7681_256.c **** 	printResult(&mean, "Decoding: ");
 227:profiling/measureNTT_7681_256.c **** }
 228:profiling/measureNTT_7681_256.c **** 
 229:profiling/measureNTT_7681_256.c **** void do_measurement_7681_256(void)
 230:profiling/measureNTT_7681_256.c **** {
 495               	.LM0:
 496               	.LFBB1:
 497 0000 4F92      		push r4
 498 0002 5F92      		push r5
 499 0004 6F92      		push r6
 500 0006 7F92      		push r7
 501 0008 8F92      		push r8
 502 000a 9F92      		push r9
 503 000c AF92      		push r10
 504 000e BF92      		push r11
 505 0010 CF92      		push r12
 506 0012 DF92      		push r13
 507 0014 EF92      		push r14
 508 0016 FF92      		push r15
 509 0018 0F93      		push r16
 510 001a 1F93      		push r17
 511 001c CF93      		push r28
 512 001e DF93      		push r29
 513 0020 CDB7      		in r28,__SP_L__
 514 0022 DEB7      		in r29,__SP_H__
 515 0024 CD52      		subi r28,45
 516 0026 D440      		sbci r29,4
 517 0028 CDBF      		out __SP_L__,r28
 518 002a DEBF      		out __SP_H__,r29
 519               	/* prologue: function */
 520               	/* frame size = 1069 */
 521               	/* stack size = 1085 */
 522               	.L__stack_usage = 1085
 231:profiling/measureNTT_7681_256.c **** 	
 232:profiling/measureNTT_7681_256.c **** 	uint16_t a[paramN];
 233:profiling/measureNTT_7681_256.c **** 	uint16_t b[paramN];
 234:profiling/measureNTT_7681_256.c **** 
 235:profiling/measureNTT_7681_256.c **** 	printf("Measure NTT with n = 256 and q = 7681:\n\r");
 524               	.LM1:
 525 002c 80E0      		ldi r24,lo8(.LC0)
 526 002e 90E0      		ldi r25,hi8(.LC0)
 527 0030 9F93      		push r25
 528 0032 8F93      		push r24
 529 0034 0E94 0000 		call printf
 530               	.LBB23:
 531               	.LBB24:
  23:profiling/measureNTT_7681_256.c **** 
 533               	.LM2:
 534 0038 7E01      		movw r14,r28
 535 003a 8FEF      		ldi r24,-1
 536 003c E81A      		sub r14,r24
 537 003e 8BEF      		ldi r24,-5
 538 0040 F80A      		sbc r15,r24
 539 0042 F701      		movw r30,r14
 540 0044 1082      		st Z,__zero_reg__
 541 0046 1182      		std Z+1,__zero_reg__
 542 0048 1282      		std Z+2,__zero_reg__
 543 004a 1382      		std Z+3,__zero_reg__
 544 004c 1482      		std Z+4,__zero_reg__
 545 004e 1582      		std Z+5,__zero_reg__
 546 0050 1682      		std Z+6,__zero_reg__
 547 0052 1782      		std Z+7,__zero_reg__
 548 0054 0F90      		pop __tmp_reg__
 549 0056 0F90      		pop __tmp_reg__
 550 0058 04E6      		ldi r16,lo8(100)
 551 005a 10E0      		ldi r17,0
 552               	.L2:
 553               	.LBB25:
  27:profiling/measureNTT_7681_256.c **** 					
 555               	.LM3:
 556 005c CE01      		movw r24,r28
 557 005e 8F5F      		subi r24,-1
 558 0060 9D4F      		sbci r25,-3
 559 0062 0E94 0000 		call generateRandomPolyTable_7681_256
  29:profiling/measureNTT_7681_256.c **** 													
 561               	.LM4:
 562 0066 0E94 0000 		call startMeasurement
  31:profiling/measureNTT_7681_256.c **** 					
 564               	.LM5:
 565 006a 60E0      		ldi r22,lo8(psibitrev_7681_256)
 566 006c 70E0      		ldi r23,hi8(psibitrev_7681_256)
 567 006e CE01      		movw r24,r28
 568 0070 8F5F      		subi r24,-1
 569 0072 9D4F      		sbci r25,-3
 570 0074 0E94 0000 		call ntt_CT_no_to_bo_incl_psi_7681_256
  33:profiling/measureNTT_7681_256.c ****     	}
 572               	.LM6:
 573 0078 C701      		movw r24,r14
 574 007a 0E94 0000 		call stopMeasurement
 575 007e 0150      		subi r16,1
 576 0080 1109      		sbc r17,__zero_reg__
  25:profiling/measureNTT_7681_256.c ****     	{
 578               	.LM7:
 579 0082 01F4      		brne .L2
 580               	.LBE25:
  36:profiling/measureNTT_7681_256.c **** 
 582               	.LM8:
 583 0084 60E0      		ldi r22,lo8(.LC1)
 584 0086 70E0      		ldi r23,hi8(.LC1)
 585 0088 C701      		movw r24,r14
 586 008a 0E94 0000 		call printResult
 587 008e 04E6      		ldi r16,lo8(100)
 588 0090 10E0      		ldi r17,0
 589               	.L3:
 590               	.LBB26:
  40:profiling/measureNTT_7681_256.c **** 					
 592               	.LM9:
 593 0092 CE01      		movw r24,r28
 594 0094 8F5F      		subi r24,-1
 595 0096 9D4F      		sbci r25,-3
 596 0098 0E94 0000 		call generateRandomPolyTable_7681_256
  42:profiling/measureNTT_7681_256.c **** 													
 598               	.LM10:
 599 009c 0E94 0000 		call startMeasurement
  44:profiling/measureNTT_7681_256.c **** 					
 601               	.LM11:
 602 00a0 60E0      		ldi r22,lo8(psibitrev_7681_256)
 603 00a2 70E0      		ldi r23,hi8(psibitrev_7681_256)
 604 00a4 CE01      		movw r24,r28
 605 00a6 8F5F      		subi r24,-1
 606 00a8 9D4F      		sbci r25,-3
 607 00aa 0E94 0000 		call ntt_CT_no_to_bo_incl_psi_7681_256_nolookup
  46:profiling/measureNTT_7681_256.c ****     	}
 609               	.LM12:
 610 00ae C701      		movw r24,r14
 611 00b0 0E94 0000 		call stopMeasurement
 612 00b4 0150      		subi r16,1
 613 00b6 1109      		sbc r17,__zero_reg__
  38:profiling/measureNTT_7681_256.c ****     	{
 615               	.LM13:
 616 00b8 01F4      		brne .L3
 617               	.LBE26:
  49:profiling/measureNTT_7681_256.c **** 
 619               	.LM14:
 620 00ba 60E0      		ldi r22,lo8(.LC2)
 621 00bc 70E0      		ldi r23,hi8(.LC2)
 622 00be C701      		movw r24,r14
 623 00c0 0E94 0000 		call printResult
 624 00c4 04E6      		ldi r16,lo8(100)
 625 00c6 10E0      		ldi r17,0
 626               	.L4:
 627               	.LBB27:
  53:profiling/measureNTT_7681_256.c **** 					
 629               	.LM15:
 630 00c8 CE01      		movw r24,r28
 631 00ca 8F5F      		subi r24,-1
 632 00cc 9D4F      		sbci r25,-3
 633 00ce 0E94 0000 		call generateRandomPolyTable_7681_256
  55:profiling/measureNTT_7681_256.c **** 													
 635               	.LM16:
 636 00d2 0E94 0000 		call startMeasurement
  57:profiling/measureNTT_7681_256.c **** 					
 638               	.LM17:
 639 00d6 60E0      		ldi r22,lo8(omegainvbitrev_7681_256)
 640 00d8 70E0      		ldi r23,hi8(omegainvbitrev_7681_256)
 641 00da CE01      		movw r24,r28
 642 00dc 8F5F      		subi r24,-1
 643 00de 9D4F      		sbci r25,-3
 644 00e0 0E94 0000 		call ntt_GS_bo_to_no_incl_invpsi_7681_256
  59:profiling/measureNTT_7681_256.c ****     	}
 646               	.LM18:
 647 00e4 C701      		movw r24,r14
 648 00e6 0E94 0000 		call stopMeasurement
 649 00ea 0150      		subi r16,1
 650 00ec 1109      		sbc r17,__zero_reg__
  51:profiling/measureNTT_7681_256.c ****     	{
 652               	.LM19:
 653 00ee 01F4      		brne .L4
 654               	.LBE27:
  62:profiling/measureNTT_7681_256.c **** 	
 656               	.LM20:
 657 00f0 60E0      		ldi r22,lo8(.LC3)
 658 00f2 70E0      		ldi r23,hi8(.LC3)
 659 00f4 C701      		movw r24,r14
 660 00f6 0E94 0000 		call printResult
 661 00fa 04E6      		ldi r16,lo8(100)
 662 00fc 10E0      		ldi r17,0
 663               	.L5:
 664               	.LBB28:
  66:profiling/measureNTT_7681_256.c ****       generateRandomPolyTable_7681_256(b);
 666               	.LM21:
 667 00fe CE01      		movw r24,r28
 668 0100 8F5F      		subi r24,-1
 669 0102 9D4F      		sbci r25,-3
 670 0104 0E94 0000 		call generateRandomPolyTable_7681_256
  67:profiling/measureNTT_7681_256.c **** 
 672               	.LM22:
 673 0108 CE01      		movw r24,r28
 674 010a 0196      		adiw r24,1
 675 010c 0E94 0000 		call generateRandomPolyTable_7681_256
  69:profiling/measureNTT_7681_256.c **** 										
 677               	.LM23:
 678 0110 0E94 0000 		call startMeasurement
  71:profiling/measureNTT_7681_256.c **** 					
 680               	.LM24:
 681 0114 BE01      		movw r22,r28
 682 0116 6F5F      		subi r22,-1
 683 0118 7F4F      		sbci r23,-1
 684 011a CE01      		movw r24,r28
 685 011c 8F5F      		subi r24,-1
 686 011e 9D4F      		sbci r25,-3
 687 0120 0E94 0000 		call pw_mul_flash_7681_256
  73:profiling/measureNTT_7681_256.c ****     }
 689               	.LM25:
 690 0124 C701      		movw r24,r14
 691 0126 0E94 0000 		call stopMeasurement
 692 012a 0150      		subi r16,1
 693 012c 1109      		sbc r17,__zero_reg__
  64:profiling/measureNTT_7681_256.c ****     {
 695               	.LM26:
 696 012e 01F4      		brne .L5
 697               	.LBE28:
  76:profiling/measureNTT_7681_256.c **** 
 699               	.LM27:
 700 0130 60E0      		ldi r22,lo8(.LC4)
 701 0132 70E0      		ldi r23,hi8(.LC4)
 702 0134 C701      		movw r24,r14
 703 0136 0E94 0000 		call printResult
 704 013a 84E6      		ldi r24,lo8(100)
 705 013c C82E      		mov r12,r24
 706 013e D12C      		mov r13,__zero_reg__
 707               	.LBB29:
 708               	.LBB30:
 709               	.LBB31:
  87:profiling/measureNTT_7681_256.c ****       }
 711               	.LM28:
 712 0140 90E0      		ldi r25,lo8(omegainvbitrev_7681_256)
 713 0142 A92E      		mov r10,r25
 714 0144 90E0      		ldi r25,hi8(omegainvbitrev_7681_256)
 715 0146 B92E      		mov r11,r25
 716               	.LBE31:
  87:profiling/measureNTT_7681_256.c ****       }
 718               	.LM29:
 719 0148 4424      		clr r4
 720 014a 4394      		inc r4
 721 014c 2EE1      		ldi r18,lo8(30)
 722 014e 522E      		mov r5,r18
 723 0150 612C      		mov r6,__zero_reg__
 724 0152 712C      		mov r7,__zero_reg__
 725               	.L7:
 726               	.LBE30:
  82:profiling/measureNTT_7681_256.c **** 
 728               	.LM30:
 729 0154 CE01      		movw r24,r28
 730 0156 8F5F      		subi r24,-1
 731 0158 9D4F      		sbci r25,-3
 732 015a 0E94 0000 		call generateRandomPolyTable_7681_256
  84:profiling/measureNTT_7681_256.c **** 										
 734               	.LM31:
 735 015e 0E94 0000 		call startMeasurement
 736 0162 8E01      		movw r16,r28
 737 0164 0F5F      		subi r16,-1
 738 0166 1D4F      		sbci r17,-3
 739               	.L6:
 740               	.LBB33:
  87:profiling/measureNTT_7681_256.c ****       }
 742               	.LM32:
 743 0168 F801      		movw r30,r16
 744 016a 2191      		ld r18,Z+
 745 016c 3191      		ld r19,Z+
 746 016e 8F01      		movw r16,r30
 747               	.LBB32:
  87:profiling/measureNTT_7681_256.c ****       }
 749               	.LM33:
 750 0170 F501      		movw r30,r10
 751               	/* #APP */
 752               	 ;  87 "profiling/measureNTT_7681_256.c" 1
 753 0172 A591      		lpm r26, Z+
 754 0174 B491      		lpm r27, Z
 755               		
 756               	 ;  0 "" 2
 757               	/* #NOAPP */
 758               	.LBE32:
  87:profiling/measureNTT_7681_256.c ****       }
 760               	.LM34:
 761 0176 4801      		movw r8,r16
 762 0178 F2E0      		ldi r31,2
 763 017a 8F1A      		sub r8,r31
 764 017c 9108      		sbc r9,__zero_reg__
  87:profiling/measureNTT_7681_256.c ****       }
 766               	.LM35:
 767 017e 0E94 0000 		call __umulhisi3
  87:profiling/measureNTT_7681_256.c ****       }
 769               	.LM36:
 770 0182 A301      		movw r20,r6
 771 0184 9201      		movw r18,r4
 772 0186 0E94 0000 		call __udivmodsi4
 773 018a C65D      		subi r28,lo8(-1066)
 774 018c DB4F      		sbci r29,hi8(-1066)
 775 018e 6883      		st Y,r22
 776 0190 7983      		std Y+1,r23
 777 0192 8A83      		std Y+2,r24
 778 0194 9B83      		std Y+3,r25
 779 0196 CA52      		subi r28,lo8(1066)
 780 0198 D440      		sbci r29,hi8(1066)
  87:profiling/measureNTT_7681_256.c ****       }
 782               	.LM37:
 783 019a C65D      		subi r28,lo8(-1066)
 784 019c DB4F      		sbci r29,hi8(-1066)
 785 019e 8881      		ld r24,Y
 786 01a0 9981      		ldd r25,Y+1
 787 01a2 CA52      		subi r28,lo8(1066)
 788 01a4 D440      		sbci r29,hi8(1066)
 789 01a6 F401      		movw r30,r8
 790 01a8 8083      		st Z,r24
 791 01aa 9183      		std Z+1,r25
  86:profiling/measureNTT_7681_256.c **** 	a[j] = (uint32_t) a[j] * pgm_read_word(omegainvbitrev_7681_256) % 7681;     
 793               	.LM38:
 794 01ac 0E15      		cp r16,r14
 795 01ae 1F05      		cpc r17,r15
 796 01b0 01F4      		brne .L6
 797               	.LBE33:
  90:profiling/measureNTT_7681_256.c ****     }
 799               	.LM39:
 800 01b2 C701      		movw r24,r14
 801 01b4 0E94 0000 		call stopMeasurement
 802 01b8 91E0      		ldi r25,1
 803 01ba C91A      		sub r12,r25
 804 01bc D108      		sbc r13,__zero_reg__
  80:profiling/measureNTT_7681_256.c ****     {
 806               	.LM40:
 807 01be 01F4      		brne .L7
 808               	.LBE29:
  93:profiling/measureNTT_7681_256.c **** 
 810               	.LM41:
 811 01c0 60E0      		ldi r22,lo8(.LC5)
 812 01c2 70E0      		ldi r23,hi8(.LC5)
 813 01c4 C701      		movw r24,r14
 814 01c6 0E94 0000 		call printResult
 815 01ca 04E6      		ldi r16,lo8(100)
 816 01cc 10E0      		ldi r17,0
 817               	.L8:
 818               	.LBB34:
  97:profiling/measureNTT_7681_256.c **** 
 820               	.LM42:
 821 01ce CE01      		movw r24,r28
 822 01d0 8F5F      		subi r24,-1
 823 01d2 9D4F      		sbci r25,-3
 824 01d4 0E94 0000 		call generateRandomPolyTable_7681_256
  99:profiling/measureNTT_7681_256.c **** 		startMeasurement();		
 826               	.LM43:
 827 01d8 8091 0000 		lds r24,__malloc_heap_start
 828 01dc 9091 0000 		lds r25,__malloc_heap_start+1
 829 01e0 0E94 0000 		call startRAM
  99:profiling/measureNTT_7681_256.c **** 		startMeasurement();		
 831               	.LM44:
 832 01e4 8093 0000 		sts start,r24
 833 01e8 9093 0000 		sts start+1,r25
 100:profiling/measureNTT_7681_256.c **** 										
 835               	.LM45:
 836 01ec 0E94 0000 		call startMeasurement
 102:profiling/measureNTT_7681_256.c **** 
 838               	.LM46:
 839 01f0 4EE3      		ldi r20,lo8(62)
 840 01f2 50E0      		ldi r21,0
 841 01f4 61E0      		ldi r22,lo8(1)
 842 01f6 70E0      		ldi r23,0
 843 01f8 CE01      		movw r24,r28
 844 01fa 8F5F      		subi r24,-1
 845 01fc 9D4F      		sbci r25,-3
 846 01fe 0E94 0000 		call pw_psi_7681
 104:profiling/measureNTT_7681_256.c **** 		end = endRAM();							
 848               	.LM47:
 849 0202 C701      		movw r24,r14
 850 0204 0E94 0000 		call stopMeasurement
 105:profiling/measureNTT_7681_256.c **** 	}
 852               	.LM48:
 853 0208 0E94 0000 		call endRAM
 105:profiling/measureNTT_7681_256.c **** 	}
 855               	.LM49:
 856 020c 8093 0000 		sts end,r24
 857 0210 9093 0000 		sts end+1,r25
 858 0214 0150      		subi r16,1
 859 0216 1109      		sbc r17,__zero_reg__
  95:profiling/measureNTT_7681_256.c **** 	{
 861               	.LM50:
 862 0218 01F4      		brne .L8
 863               	.LBE34:
 108:profiling/measureNTT_7681_256.c **** 
 865               	.LM51:
 866 021a 6091 0000 		lds r22,start
 867 021e 7091 0000 		lds r23,start+1
 868 0222 681B      		sub r22,r24
 869 0224 790B      		sbc r23,r25
 870 0226 40E0      		ldi r20,lo8(.LC6)
 871 0228 50E0      		ldi r21,hi8(.LC6)
 872 022a C701      		movw r24,r14
 873 022c 0E94 0000 		call printResultRAM
 874 0230 04E6      		ldi r16,lo8(100)
 875 0232 10E0      		ldi r17,0
 876               	.L9:
 877               	.LBB35:
 113:profiling/measureNTT_7681_256.c **** 		generateRandomPolyTable_7681_256(b);
 879               	.LM52:
 880 0234 CE01      		movw r24,r28
 881 0236 8F5F      		subi r24,-1
 882 0238 9D4F      		sbci r25,-3
 883 023a 0E94 0000 		call generateRandomPolyTable_7681_256
 114:profiling/measureNTT_7681_256.c **** 
 885               	.LM53:
 886 023e CE01      		movw r24,r28
 887 0240 0196      		adiw r24,1
 888 0242 0E94 0000 		call generateRandomPolyTable_7681_256
 116:profiling/measureNTT_7681_256.c **** 
 890               	.LM54:
 891 0246 0E94 0000 		call startMeasurement
 118:profiling/measureNTT_7681_256.c **** 							
 893               	.LM55:
 894 024a AE01      		movw r20,r28
 895 024c 4F5F      		subi r20,-1
 896 024e 5D4F      		sbci r21,-3
 897 0250 BE01      		movw r22,r28
 898 0252 6F5F      		subi r22,-1
 899 0254 7F4F      		sbci r23,-1
 900 0256 CA01      		movw r24,r20
 901 0258 0E94 0000 		call add_7681
 120:profiling/measureNTT_7681_256.c **** 	}
 903               	.LM56:
 904 025c C701      		movw r24,r14
 905 025e 0E94 0000 		call stopMeasurement
 906 0262 0150      		subi r16,1
 907 0264 1109      		sbc r17,__zero_reg__
 111:profiling/measureNTT_7681_256.c **** 	{
 909               	.LM57:
 910 0266 01F4      		brne .L9
 911               	.LBE35:
 123:profiling/measureNTT_7681_256.c **** }
 913               	.LM58:
 914 0268 60E0      		ldi r22,lo8(.LC7)
 915 026a 70E0      		ldi r23,hi8(.LC7)
 916 026c C701      		movw r24,r14
 917 026e 0E94 0000 		call printResult
 918               	.LBE24:
 919               	.LBE23:
 920               	.LBB36:
 921               	.LBB37:
 128:profiling/measureNTT_7681_256.c **** 	
 923               	.LM59:
 924 0272 F701      		movw r30,r14
 925 0274 1082      		st Z,__zero_reg__
 926 0276 1182      		std Z+1,__zero_reg__
 927 0278 1282      		std Z+2,__zero_reg__
 928 027a 1382      		std Z+3,__zero_reg__
 929 027c 1482      		std Z+4,__zero_reg__
 930 027e 1582      		std Z+5,__zero_reg__
 931 0280 1682      		std Z+6,__zero_reg__
 932 0282 1782      		std Z+7,__zero_reg__
 933 0284 04E6      		ldi r16,lo8(100)
 934 0286 10E0      		ldi r17,0
 935               	.L10:
 936               	.LBB38:
 132:profiling/measureNTT_7681_256.c **** 			
 938               	.LM60:
 939 0288 0E94 0000 		call startMeasurement
 134:profiling/measureNTT_7681_256.c **** 					
 941               	.LM61:
 942 028c 70E0      		ldi r23,0
 943 028e 60E0      		ldi r22,0
 944 0290 CE01      		movw r24,r28
 945 0292 8F5F      		subi r24,-1
 946 0294 9D4F      		sbci r25,-3
 947 0296 0E94 0000 		call get_gauss_poly_7681_256
 136:profiling/measureNTT_7681_256.c **** 	}
 949               	.LM62:
 950 029a C701      		movw r24,r14
 951 029c 0E94 0000 		call stopMeasurement
 952 02a0 0150      		subi r16,1
 953 02a2 1109      		sbc r17,__zero_reg__
 130:profiling/measureNTT_7681_256.c **** 	{					
 955               	.LM63:
 956 02a4 01F4      		brne .L10
 957               	.LBE38:
 139:profiling/measureNTT_7681_256.c **** 	
 959               	.LM64:
 960 02a6 60E0      		ldi r22,lo8(.LC8)
 961 02a8 70E0      		ldi r23,hi8(.LC8)
 962 02aa C701      		movw r24,r14
 963 02ac 0E94 0000 		call printResult
 964 02b0 04E6      		ldi r16,lo8(100)
 965 02b2 10E0      		ldi r17,0
 966               	.L11:
 967               	.LBB39:
 143:profiling/measureNTT_7681_256.c **** 										
 969               	.LM65:
 970 02b4 0E94 0000 		call startMeasurement
 145:profiling/measureNTT_7681_256.c **** 					
 972               	.LM66:
 973 02b8 CE01      		movw r24,r28
 974 02ba 8F5F      		subi r24,-1
 975 02bc 9D4F      		sbci r25,-3
 976 02be 0E94 0000 		call generateRandomPolyTable_7681_256
 147:profiling/measureNTT_7681_256.c **** 	}
 978               	.LM67:
 979 02c2 C701      		movw r24,r14
 980 02c4 0E94 0000 		call stopMeasurement
 981 02c8 0150      		subi r16,1
 982 02ca 1109      		sbc r17,__zero_reg__
 141:profiling/measureNTT_7681_256.c **** 	{
 984               	.LM68:
 985 02cc 01F4      		brne .L11
 986               	.LBE39:
 150:profiling/measureNTT_7681_256.c **** }
 988               	.LM69:
 989 02ce 60E0      		ldi r22,lo8(.LC9)
 990 02d0 70E0      		ldi r23,hi8(.LC9)
 991 02d2 C701      		movw r24,r14
 992 02d4 0E94 0000 		call printResult
 993               	.LBE37:
 994               	.LBE36:
 995               	.LBB40:
 996               	.LBB41:
 155:profiling/measureNTT_7681_256.c **** 	char msg[paramN/8+1] = "onetwothreefourfonetwothreefourf";
 998               	.LM70:
 999 02d8 CE5D      		subi r28,lo8(-1058)
 1000 02da DB4F      		sbci r29,hi8(-1058)
 1001 02dc 1882      		st Y,__zero_reg__
 1002 02de C252      		subi r28,lo8(1058)
 1003 02e0 D440      		sbci r29,hi8(1058)
 1004 02e2 CD5D      		subi r28,lo8(-1059)
 1005 02e4 DB4F      		sbci r29,hi8(-1059)
 1006 02e6 1882      		st Y,__zero_reg__
 1007 02e8 C352      		subi r28,lo8(1059)
 1008 02ea D440      		sbci r29,hi8(1059)
 1009 02ec CC5D      		subi r28,lo8(-1060)
 1010 02ee DB4F      		sbci r29,hi8(-1060)
 1011 02f0 1882      		st Y,__zero_reg__
 1012 02f2 C452      		subi r28,lo8(1060)
 1013 02f4 D440      		sbci r29,hi8(1060)
 1014 02f6 CB5D      		subi r28,lo8(-1061)
 1015 02f8 DB4F      		sbci r29,hi8(-1061)
 1016 02fa 1882      		st Y,__zero_reg__
 1017 02fc C552      		subi r28,lo8(1061)
 1018 02fe D440      		sbci r29,hi8(1061)
 1019 0300 CA5D      		subi r28,lo8(-1062)
 1020 0302 DB4F      		sbci r29,hi8(-1062)
 1021 0304 1882      		st Y,__zero_reg__
 1022 0306 C652      		subi r28,lo8(1062)
 1023 0308 D440      		sbci r29,hi8(1062)
 1024 030a C95D      		subi r28,lo8(-1063)
 1025 030c DB4F      		sbci r29,hi8(-1063)
 1026 030e 1882      		st Y,__zero_reg__
 1027 0310 C752      		subi r28,lo8(1063)
 1028 0312 D440      		sbci r29,hi8(1063)
 1029 0314 C85D      		subi r28,lo8(-1064)
 1030 0316 DB4F      		sbci r29,hi8(-1064)
 1031 0318 1882      		st Y,__zero_reg__
 1032 031a C852      		subi r28,lo8(1064)
 1033 031c D440      		sbci r29,hi8(1064)
 1034 031e C75D      		subi r28,lo8(-1065)
 1035 0320 DB4F      		sbci r29,hi8(-1065)
 1036 0322 1882      		st Y,__zero_reg__
 1037 0324 C952      		subi r28,lo8(1065)
 1038 0326 D440      		sbci r29,hi8(1065)
 156:profiling/measureNTT_7681_256.c **** 	
 1040               	.LM71:
 1041 0328 81E2      		ldi r24,lo8(33)
 1042 032a E0E0      		ldi r30,lo8(.LC10)
 1043 032c F0E0      		ldi r31,hi8(.LC10)
 1044 032e D701      		movw r26,r14
 1045               		0:
 1046 0330 0190      		ld r0,Z+
 1047 0332 0D92      		st X+,r0
 1048 0334 8A95      		dec r24
 1049 0336 01F4      		brne 0b
 1050 0338 D12C      		mov r13,__zero_reg__
 1051               	.L12:
 1052               	.LBB42:
 160:profiling/measureNTT_7681_256.c **** 		generateRandomPolyTable_7681_256(b);
 1054               	.LM72:
 1055 033a CE01      		movw r24,r28
 1056 033c 8F5F      		subi r24,-1
 1057 033e 9D4F      		sbci r25,-3
 1058 0340 0E94 0000 		call generateRandomPolyTable_7681_256
 161:profiling/measureNTT_7681_256.c **** 							
 1060               	.LM73:
 1061 0344 CE01      		movw r24,r28
 1062 0346 0196      		adiw r24,1
 1063 0348 0E94 0000 		call generateRandomPolyTable_7681_256
 163:profiling/measureNTT_7681_256.c **** 		msg[1]= (char) i+10;
 1065               	.LM74:
 1066 034c F701      		movw r30,r14
 1067 034e D082      		st Z,r13
 164:profiling/measureNTT_7681_256.c **** 		msg[2]= (char) i+55;
 1069               	.LM75:
 1070 0350 8AE0      		ldi r24,lo8(10)
 1071 0352 8D0D      		add r24,r13
 164:profiling/measureNTT_7681_256.c **** 		msg[2]= (char) i+55;
 1073               	.LM76:
 1074 0354 8183      		std Z+1,r24
 165:profiling/measureNTT_7681_256.c **** 		
 1076               	.LM77:
 1077 0356 87E3      		ldi r24,lo8(55)
 1078 0358 8D0D      		add r24,r13
 165:profiling/measureNTT_7681_256.c **** 		
 1080               	.LM78:
 1081 035a 8283      		std Z+2,r24
 167:profiling/measureNTT_7681_256.c **** 		startMeasurement();		
 1083               	.LM79:
 1084 035c 8091 0000 		lds r24,__malloc_heap_start
 1085 0360 9091 0000 		lds r25,__malloc_heap_start+1
 1086 0364 0E94 0000 		call startRAM
 167:profiling/measureNTT_7681_256.c **** 		startMeasurement();		
 1088               	.LM80:
 1089 0368 8093 0000 		sts start,r24
 1090 036c 9093 0000 		sts start+1,r25
 168:profiling/measureNTT_7681_256.c **** 
 1092               	.LM81:
 1093 0370 0E94 0000 		call startMeasurement
 170:profiling/measureNTT_7681_256.c **** 
 1095               	.LM82:
 1096 0374 00E0      		ldi r16,lo8(pubKeyP_7681_256)
 1097 0376 10E0      		ldi r17,hi8(pubKeyP_7681_256)
 1098 0378 20E0      		ldi r18,lo8(pubKeyA_7681_256)
 1099 037a 30E0      		ldi r19,hi8(pubKeyA_7681_256)
 1100 037c AE01      		movw r20,r28
 1101 037e 4F5F      		subi r20,-1
 1102 0380 5F4F      		sbci r21,-1
 1103 0382 BE01      		movw r22,r28
 1104 0384 6F5F      		subi r22,-1
 1105 0386 7D4F      		sbci r23,-3
 1106 0388 C701      		movw r24,r14
 1107 038a 0E94 0000 		call encrypt_7681_256
 172:profiling/measureNTT_7681_256.c **** 		end = endRAM(); 						
 1109               	.LM83:
 1110 038e CE01      		movw r24,r28
 1111 0390 8E5D      		subi r24,-34
 1112 0392 9B4F      		sbci r25,-5
 1113 0394 0E94 0000 		call stopMeasurement
 173:profiling/measureNTT_7681_256.c **** 
 1115               	.LM84:
 1116 0398 0E94 0000 		call endRAM
 173:profiling/measureNTT_7681_256.c **** 
 1118               	.LM85:
 1119 039c 8093 0000 		sts end,r24
 1120 03a0 9093 0000 		sts end+1,r25
 1121 03a4 D394      		inc r13
 158:profiling/measureNTT_7681_256.c **** 	{
 1123               	.LM86:
 1124 03a6 F4E6      		ldi r31,lo8(100)
 1125 03a8 DF12      		cpse r13,r31
 1126 03aa 00C0      		rjmp .L12
 1127               	.LBE42:
 177:profiling/measureNTT_7681_256.c **** 	
 1129               	.LM87:
 1130 03ac 6091 0000 		lds r22,start
 1131 03b0 7091 0000 		lds r23,start+1
 1132 03b4 681B      		sub r22,r24
 1133 03b6 790B      		sbc r23,r25
 1134 03b8 40E0      		ldi r20,lo8(.LC11)
 1135 03ba 50E0      		ldi r21,hi8(.LC11)
 1136 03bc CE01      		movw r24,r28
 1137 03be 8E5D      		subi r24,-34
 1138 03c0 9B4F      		sbci r25,-5
 1139 03c2 0E94 0000 		call printResultRAM
 1140 03c6 04E6      		ldi r16,lo8(100)
 1141 03c8 10E0      		ldi r17,0
 1142               	.L13:
 1143               	.LBB43:
 184:profiling/measureNTT_7681_256.c **** 		generateRandomPolyTable_7681_256(b);
 1145               	.LM88:
 1146 03ca CE01      		movw r24,r28
 1147 03cc 8F5F      		subi r24,-1
 1148 03ce 9D4F      		sbci r25,-3
 1149 03d0 0E94 0000 		call generateRandomPolyTable_7681_256
 185:profiling/measureNTT_7681_256.c **** 							
 1151               	.LM89:
 1152 03d4 CE01      		movw r24,r28
 1153 03d6 0196      		adiw r24,1
 1154 03d8 0E94 0000 		call generateRandomPolyTable_7681_256
 187:profiling/measureNTT_7681_256.c **** 		startMeasurement();		
 1156               	.LM90:
 1157 03dc 8091 0000 		lds r24,__malloc_heap_start
 1158 03e0 9091 0000 		lds r25,__malloc_heap_start+1
 1159 03e4 0E94 0000 		call startRAM
 187:profiling/measureNTT_7681_256.c **** 		startMeasurement();		
 1161               	.LM91:
 1162 03e8 8093 0000 		sts start,r24
 1163 03ec 9093 0000 		sts start+1,r25
 188:profiling/measureNTT_7681_256.c **** 
 1165               	.LM92:
 1166 03f0 0E94 0000 		call startMeasurement
 190:profiling/measureNTT_7681_256.c **** 
 1168               	.LM93:
 1169 03f4 20E0      		ldi r18,lo8(prvKeyR2_7681_256)
 1170 03f6 30E0      		ldi r19,hi8(prvKeyR2_7681_256)
 1171 03f8 AE01      		movw r20,r28
 1172 03fa 4F5F      		subi r20,-1
 1173 03fc 5F4F      		sbci r21,-1
 1174 03fe BE01      		movw r22,r28
 1175 0400 6F5F      		subi r22,-1
 1176 0402 7D4F      		sbci r23,-3
 1177 0404 C701      		movw r24,r14
 1178 0406 0E94 0000 		call decrypt_7681_256
 192:profiling/measureNTT_7681_256.c **** 		end = endRAM(); 						
 1180               	.LM94:
 1181 040a CE01      		movw r24,r28
 1182 040c 8E5D      		subi r24,-34
 1183 040e 9B4F      		sbci r25,-5
 1184 0410 0E94 0000 		call stopMeasurement
 193:profiling/measureNTT_7681_256.c **** 	}
 1186               	.LM95:
 1187 0414 0E94 0000 		call endRAM
 193:profiling/measureNTT_7681_256.c **** 	}
 1189               	.LM96:
 1190 0418 8093 0000 		sts end,r24
 1191 041c 9093 0000 		sts end+1,r25
 1192 0420 0150      		subi r16,1
 1193 0422 1109      		sbc r17,__zero_reg__
 181:profiling/measureNTT_7681_256.c **** 	{
 1195               	.LM97:
 1196 0424 01F4      		brne .L13
 1197               	.LBE43:
 196:profiling/measureNTT_7681_256.c **** 	
 1199               	.LM98:
 1200 0426 6091 0000 		lds r22,start
 1201 042a 7091 0000 		lds r23,start+1
 1202 042e 681B      		sub r22,r24
 1203 0430 790B      		sbc r23,r25
 1204 0432 40E0      		ldi r20,lo8(.LC12)
 1205 0434 50E0      		ldi r21,hi8(.LC12)
 1206 0436 CE01      		movw r24,r28
 1207 0438 8E5D      		subi r24,-34
 1208 043a 9B4F      		sbci r25,-5
 1209 043c 0E94 0000 		call printResultRAM
 1210 0440 10E0      		ldi r17,0
 1211               	.L14:
 1212               	.LBB44:
 202:profiling/measureNTT_7681_256.c **** 		msg[1]= (char) i+10;
 1214               	.LM99:
 1215 0442 F701      		movw r30,r14
 1216 0444 1083      		st Z,r17
 203:profiling/measureNTT_7681_256.c **** 		msg[2]= (char) i+55;
 1218               	.LM100:
 1219 0446 8AE0      		ldi r24,lo8(10)
 1220 0448 810F      		add r24,r17
 203:profiling/measureNTT_7681_256.c **** 		msg[2]= (char) i+55;
 1222               	.LM101:
 1223 044a 8183      		std Z+1,r24
 204:profiling/measureNTT_7681_256.c **** 							
 1225               	.LM102:
 1226 044c 87E3      		ldi r24,lo8(55)
 1227 044e 810F      		add r24,r17
 204:profiling/measureNTT_7681_256.c **** 							
 1229               	.LM103:
 1230 0450 8283      		std Z+2,r24
 206:profiling/measureNTT_7681_256.c **** 													
 1232               	.LM104:
 1233 0452 0E94 0000 		call startMeasurement
 208:profiling/measureNTT_7681_256.c **** 					
 1235               	.LM105:
 1236 0456 BE01      		movw r22,r28
 1237 0458 6F5F      		subi r22,-1
 1238 045a 7D4F      		sbci r23,-3
 1239 045c C701      		movw r24,r14
 1240 045e 0E94 0000 		call add_encode_7681_256
 210:profiling/measureNTT_7681_256.c **** 	}
 1242               	.LM106:
 1243 0462 CE01      		movw r24,r28
 1244 0464 8E5D      		subi r24,-34
 1245 0466 9B4F      		sbci r25,-5
 1246 0468 0E94 0000 		call stopMeasurement
 1247 046c 1F5F      		subi r17,lo8(-(1))
 200:profiling/measureNTT_7681_256.c **** 	{
 1249               	.LM107:
 1250 046e 1436      		cpi r17,lo8(100)
 1251 0470 01F4      		brne .L14
 1252               	.LBE44:
 213:profiling/measureNTT_7681_256.c **** 	
 1254               	.LM108:
 1255 0472 60E0      		ldi r22,lo8(.LC13)
 1256 0474 70E0      		ldi r23,hi8(.LC13)
 1257 0476 CE01      		movw r24,r28
 1258 0478 8E5D      		subi r24,-34
 1259 047a 9B4F      		sbci r25,-5
 1260 047c 0E94 0000 		call printResult
 1261 0480 04E6      		ldi r16,lo8(100)
 1262 0482 10E0      		ldi r17,0
 1263               	.L15:
 1264               	.LBB45:
 217:profiling/measureNTT_7681_256.c **** 							
 1266               	.LM109:
 1267 0484 CE01      		movw r24,r28
 1268 0486 8F5F      		subi r24,-1
 1269 0488 9D4F      		sbci r25,-3
 1270 048a 0E94 0000 		call generateRandomPolyTable_7681_256
 219:profiling/measureNTT_7681_256.c **** 													
 1272               	.LM110:
 1273 048e 0E94 0000 		call startMeasurement
 221:profiling/measureNTT_7681_256.c **** 					
 1275               	.LM111:
 1276 0492 B701      		movw r22,r14
 1277 0494 CE01      		movw r24,r28
 1278 0496 8F5F      		subi r24,-1
 1279 0498 9D4F      		sbci r25,-3
 1280 049a 0E94 0000 		call decode_7681_256
 223:profiling/measureNTT_7681_256.c **** 	}
 1282               	.LM112:
 1283 049e CE01      		movw r24,r28
 1284 04a0 8E5D      		subi r24,-34
 1285 04a2 9B4F      		sbci r25,-5
 1286 04a4 0E94 0000 		call stopMeasurement
 1287 04a8 0150      		subi r16,1
 1288 04aa 1109      		sbc r17,__zero_reg__
 215:profiling/measureNTT_7681_256.c **** 	{
 1290               	.LM113:
 1291 04ac 01F4      		brne .L15
 1292               	.LBE45:
 226:profiling/measureNTT_7681_256.c **** }
 1294               	.LM114:
 1295 04ae 60E0      		ldi r22,lo8(.LC14)
 1296 04b0 70E0      		ldi r23,hi8(.LC14)
 1297 04b2 CE01      		movw r24,r28
 1298 04b4 8E5D      		subi r24,-34
 1299 04b6 9B4F      		sbci r25,-5
 1300 04b8 0E94 0000 		call printResult
 1301               	.LBE41:
 1302               	.LBE40:
 236:profiling/measureNTT_7681_256.c **** 	
 237:profiling/measureNTT_7681_256.c **** 	measureNTT_7681_256(a,b);
 238:profiling/measureNTT_7681_256.c **** 	measurePolyGeneration_7681_256(a);
 239:profiling/measureNTT_7681_256.c **** 	measureLWEOperations_7681_256(a,b);	
 240:profiling/measureNTT_7681_256.c **** 	print_counter();
 1304               	.LM115:
 1305 04bc 0E94 0000 		call print_counter
 241:profiling/measureNTT_7681_256.c **** 	
 242:profiling/measureNTT_7681_256.c **** 	printf("\n\r");
 1307               	.LM116:
 1308 04c0 80E0      		ldi r24,lo8(.LC15)
 1309 04c2 90E0      		ldi r25,hi8(.LC15)
 1310 04c4 9F93      		push r25
 1311 04c6 8F93      		push r24
 1312 04c8 0E94 0000 		call printf
 243:profiling/measureNTT_7681_256.c **** }
 1314               	.LM117:
 1315 04cc 0F90      		pop __tmp_reg__
 1316 04ce 0F90      		pop __tmp_reg__
 1317               	/* epilogue start */
 1318 04d0 C35D      		subi r28,-45
 1319 04d2 DB4F      		sbci r29,-5
 1320 04d4 CDBF      		out __SP_L__,r28
 1321 04d6 DEBF      		out __SP_H__,r29
 1322 04d8 DF91      		pop r29
 1323 04da CF91      		pop r28
 1324 04dc 1F91      		pop r17
 1325 04de 0F91      		pop r16
 1326 04e0 FF90      		pop r15
 1327 04e2 EF90      		pop r14
 1328 04e4 DF90      		pop r13
 1329 04e6 CF90      		pop r12
 1330 04e8 BF90      		pop r11
 1331 04ea AF90      		pop r10
 1332 04ec 9F90      		pop r9
 1333 04ee 8F90      		pop r8
 1334 04f0 7F90      		pop r7
 1335 04f2 6F90      		pop r6
 1336 04f4 5F90      		pop r5
 1337 04f6 4F90      		pop r4
 1338 04f8 0895      		ret
 1360               	.Lscope1:
 1361               		.section	.bss.end,"aw",@nobits
 1364               	end:
 1365 0000 0000      		.zero	2
 1367               		.section	.bss.start,"aw",@nobits
 1370               	start:
 1371 0000 0000      		.zero	2
 1373               		.section	.progmem.data.pubKeyA_7681_256,"a"
 1376               	pubKeyA_7681_256:
 1377 0000 8F11      		.word	4495
 1378 0002 9F05      		.word	1439
 1379 0004 F002      		.word	752
 1380 0006 000C      		.word	3072
 1381 0008 A01A      		.word	6816
 1382 000a 9D0D      		.word	3485
 1383 000c 230D      		.word	3363
 1384 000e 4903      		.word	841
 1385 0010 3E13      		.word	4926
 1386 0012 F517      		.word	6133
 1387 0014 7F0C      		.word	3199
 1388 0016 3814      		.word	5176
 1389 0018 7F19      		.word	6527
 1390 001a 4802      		.word	584
 1391 001c DB19      		.word	6619
 1392 001e 891A      		.word	6793
 1393 0020 B21A      		.word	6834
 1394 0022 0B0A      		.word	2571
 1395 0024 5B16      		.word	5723
 1396 0026 F606      		.word	1782
 1397 0028 4704      		.word	1095
 1398 002a 6812      		.word	4712
 1399 002c BB14      		.word	5307
 1400 002e 600F      		.word	3936
 1401 0030 5800      		.word	88
 1402 0032 9D19      		.word	6557
 1403 0034 8412      		.word	4740
 1404 0036 2008      		.word	2080
 1405 0038 2907      		.word	1833
 1406 003a 1500      		.word	21
 1407 003c 9311      		.word	4499
 1408 003e 6607      		.word	1894
 1409 0040 670C      		.word	3175
 1410 0042 5B0B      		.word	2907
 1411 0044 2010      		.word	4128
 1412 0046 9517      		.word	6037
 1413 0048 1716      		.word	5655
 1414 004a 2201      		.word	290
 1415 004c 5812      		.word	4696
 1416 004e 4801      		.word	328
 1417 0050 7113      		.word	4977
 1418 0052 580E      		.word	3672
 1419 0054 BF15      		.word	5567
 1420 0056 3918      		.word	6201
 1421 0058 1E15      		.word	5406
 1422 005a FA0A      		.word	2810
 1423 005c 2610      		.word	4134
 1424 005e 3213      		.word	4914
 1425 0060 3A0F      		.word	3898
 1426 0062 BB17      		.word	6075
 1427 0064 1A0E      		.word	3610
 1428 0066 6809      		.word	2408
 1429 0068 1A02      		.word	538
 1430 006a 0F1D      		.word	7439
 1431 006c 3A15      		.word	5434
 1432 006e 3C10      		.word	4156
 1433 0070 EC12      		.word	4844
 1434 0072 D502      		.word	725
 1435 0074 A61B      		.word	7078
 1436 0076 4501      		.word	325
 1437 0078 BD00      		.word	189
 1438 007a 2505      		.word	1317
 1439 007c 3C04      		.word	1084
 1440 007e 470E      		.word	3655
 1441 0080 7D15      		.word	5501
 1442 0082 A60F      		.word	4006
 1443 0084 B915      		.word	5561
 1444 0086 7612      		.word	4726
 1445 0088 140D      		.word	3348
 1446 008a 931B      		.word	7059
 1447 008c 180D      		.word	3352
 1448 008e BE00      		.word	190
 1449 0090 0001      		.word	256
 1450 0092 7407      		.word	1908
 1451 0094 DB14      		.word	5339
 1452 0096 EC1B      		.word	7148
 1453 0098 AC1D      		.word	7596
 1454 009a 8912      		.word	4745
 1455 009c 3D0E      		.word	3645
 1456 009e 4A06      		.word	1610
 1457 00a0 5E04      		.word	1118
 1458 00a2 580E      		.word	3672
 1459 00a4 240D      		.word	3364
 1460 00a6 351D      		.word	7477
 1461 00a8 2804      		.word	1064
 1462 00aa A30C      		.word	3235
 1463 00ac F202      		.word	754
 1464 00ae E211      		.word	4578
 1465 00b0 A118      		.word	6305
 1466 00b2 4813      		.word	4936
 1467 00b4 9800      		.word	152
 1468 00b6 8115      		.word	5505
 1469 00b8 D117      		.word	6097
 1470 00ba FC0E      		.word	3836
 1471 00bc 941D      		.word	7572
 1472 00be 8E17      		.word	6030
 1473 00c0 F51B      		.word	7157
 1474 00c2 A80D      		.word	3496
 1475 00c4 E300      		.word	227
 1476 00c6 4915      		.word	5449
 1477 00c8 5E06      		.word	1630
 1478 00ca B50B      		.word	2997
 1479 00cc 5D17      		.word	5981
 1480 00ce 6C04      		.word	1132
 1481 00d0 5115      		.word	5457
 1482 00d2 AB0A      		.word	2731
 1483 00d4 0402      		.word	516
 1484 00d6 9F0C      		.word	3231
 1485 00d8 9217      		.word	6034
 1486 00da 500B      		.word	2896
 1487 00dc A907      		.word	1961
 1488 00de 7217      		.word	6002
 1489 00e0 B208      		.word	2226
 1490 00e2 C503      		.word	965
 1491 00e4 6405      		.word	1380
 1492 00e6 D20C      		.word	3282
 1493 00e8 0512      		.word	4613
 1494 00ea A014      		.word	5280
 1495 00ec DB06      		.word	1755
 1496 00ee 0314      		.word	5123
 1497 00f0 770A      		.word	2679
 1498 00f2 6807      		.word	1896
 1499 00f4 E708      		.word	2279
 1500 00f6 E516      		.word	5861
 1501 00f8 5301      		.word	339
 1502 00fa A616      		.word	5798
 1503 00fc E109      		.word	2529
 1504 00fe EC07      		.word	2028
 1505 0100 A017      		.word	6048
 1506 0102 A807      		.word	1960
 1507 0104 8A13      		.word	5002
 1508 0106 C011      		.word	4544
 1509 0108 550B      		.word	2901
 1510 010a 290F      		.word	3881
 1511 010c 0C1A      		.word	6668
 1512 010e E41B      		.word	7140
 1513 0110 4A07      		.word	1866
 1514 0112 C602      		.word	710
 1515 0114 140C      		.word	3092
 1516 0116 5717      		.word	5975
 1517 0118 B40B      		.word	2996
 1518 011a F808      		.word	2296
 1519 011c 6A13      		.word	4970
 1520 011e BE01      		.word	446
 1521 0120 4A01      		.word	330
 1522 0122 7F06      		.word	1663
 1523 0124 7A05      		.word	1402
 1524 0126 040F      		.word	3844
 1525 0128 F504      		.word	1269
 1526 012a BD12      		.word	4797
 1527 012c 3D18      		.word	6205
 1528 012e F001      		.word	496
 1529 0130 000B      		.word	2816
 1530 0132 A301      		.word	419
 1531 0134 7C16      		.word	5756
 1532 0136 2609      		.word	2342
 1533 0138 5109      		.word	2385
 1534 013a 2316      		.word	5667
 1535 013c 4012      		.word	4672
 1536 013e 6C08      		.word	2156
 1537 0140 A107      		.word	1953
 1538 0142 870E      		.word	3719
 1539 0144 4303      		.word	835
 1540 0146 F100      		.word	241
 1541 0148 C009      		.word	2496
 1542 014a D316      		.word	5843
 1543 014c C917      		.word	6089
 1544 014e 711A      		.word	6769
 1545 0150 B408      		.word	2228
 1546 0152 4C05      		.word	1356
 1547 0154 E71C      		.word	7399
 1548 0156 E207      		.word	2018
 1549 0158 CF03      		.word	975
 1550 015a 190D      		.word	3353
 1551 015c BE0A      		.word	2750
 1552 015e ED16      		.word	5869
 1553 0160 5F1C      		.word	7263
 1554 0162 6C0B      		.word	2924
 1555 0164 4705      		.word	1351
 1556 0166 2718      		.word	6183
 1557 0168 810E      		.word	3713
 1558 016a 6C07      		.word	1900
 1559 016c 2717      		.word	5927
 1560 016e DA0C      		.word	3290
 1561 0170 F509      		.word	2549
 1562 0172 CC12      		.word	4812
 1563 0174 1E08      		.word	2078
 1564 0176 9612      		.word	4758
 1565 0178 7B19      		.word	6523
 1566 017a F812      		.word	4856
 1567 017c A304      		.word	1187
 1568 017e E413      		.word	5092
 1569 0180 9E1C      		.word	7326
 1570 0182 E21A      		.word	6882
 1571 0184 740E      		.word	3700
 1572 0186 CD0C      		.word	3277
 1573 0188 D41A      		.word	6868
 1574 018a E11B      		.word	7137
 1575 018c F308      		.word	2291
 1576 018e 9E04      		.word	1182
 1577 0190 8004      		.word	1152
 1578 0192 B70C      		.word	3255
 1579 0194 E410      		.word	4324
 1580 0196 0202      		.word	514
 1581 0198 F40F      		.word	4084
 1582 019a 3611      		.word	4406
 1583 019c D413      		.word	5076
 1584 019e 990B      		.word	2969
 1585 01a0 CA08      		.word	2250
 1586 01a2 C613      		.word	5062
 1587 01a4 4E13      		.word	4942
 1588 01a6 551D      		.word	7509
 1589 01a8 540D      		.word	3412
 1590 01aa 9108      		.word	2193
 1591 01ac 6619      		.word	6502
 1592 01ae 041C      		.word	7172
 1593 01b0 9E14      		.word	5278
 1594 01b2 2A12      		.word	4650
 1595 01b4 3F01      		.word	319
 1596 01b6 5303      		.word	851
 1597 01b8 C313      		.word	5059
 1598 01ba 191D      		.word	7449
 1599 01bc 601C      		.word	7264
 1600 01be 490F      		.word	3913
 1601 01c0 3F09      		.word	2367
 1602 01c2 8D0F      		.word	3981
 1603 01c4 F812      		.word	4856
 1604 01c6 8805      		.word	1416
 1605 01c8 DB18      		.word	6363
 1606 01ca 121B      		.word	6930
 1607 01cc 5511      		.word	4437
 1608 01ce 3213      		.word	4914
 1609 01d0 9414      		.word	5268
 1610 01d2 2218      		.word	6178
 1611 01d4 C017      		.word	6080
 1612 01d6 1214      		.word	5138
 1613 01d8 D906      		.word	1753
 1614 01da DE08      		.word	2270
 1615 01dc F617      		.word	6134
 1616 01de DA05      		.word	1498
 1617 01e0 061D      		.word	7430
 1618 01e2 FE00      		.word	254
 1619 01e4 450A      		.word	2629
 1620 01e6 1A0B      		.word	2842
 1621 01e8 B517      		.word	6069
 1622 01ea 4916      		.word	5705
 1623 01ec 8D1A      		.word	6797
 1624 01ee A511      		.word	4517
 1625 01f0 7A10      		.word	4218
 1626 01f2 B215      		.word	5554
 1627 01f4 841B      		.word	7044
 1628 01f6 1B16      		.word	5659
 1629 01f8 7D00      		.word	125
 1630 01fa E000      		.word	224
 1631 01fc F418      		.word	6388
 1632 01fe 5914      		.word	5209
 1634               		.section	.progmem.data.pubKeyP_7681_256,"a"
 1637               	pubKeyP_7681_256:
 1638 0000 FA0D      		.word	3578
 1639 0002 1006      		.word	1552
 1640 0004 750F      		.word	3957
 1641 0006 9E0D      		.word	3486
 1642 0008 D705      		.word	1495
 1643 000a 5504      		.word	1109
 1644 000c 8F0A      		.word	2703
 1645 000e AB13      		.word	5035
 1646 0010 E800      		.word	232
 1647 0012 7E16      		.word	5758
 1648 0014 740C      		.word	3188
 1649 0016 5706      		.word	1623
 1650 0018 7819      		.word	6520
 1651 001a 910A      		.word	2705
 1652 001c 9902      		.word	665
 1653 001e F209      		.word	2546
 1654 0020 C516      		.word	5829
 1655 0022 840E      		.word	3716
 1656 0024 0B11      		.word	4363
 1657 0026 7317      		.word	6003
 1658 0028 1301      		.word	275
 1659 002a 470E      		.word	3655
 1660 002c 6B1A      		.word	6763
 1661 002e 7911      		.word	4473
 1662 0030 2912      		.word	4649
 1663 0032 C81D      		.word	7624
 1664 0034 2B11      		.word	4395
 1665 0036 A814      		.word	5288
 1666 0038 ED04      		.word	1261
 1667 003a 9F11      		.word	4511
 1668 003c 570B      		.word	2903
 1669 003e 5808      		.word	2136
 1670 0040 4C0E      		.word	3660
 1671 0042 2F09      		.word	2351
 1672 0044 D707      		.word	2007
 1673 0046 B102      		.word	689
 1674 0048 DC04      		.word	1244
 1675 004a 0E12      		.word	4622
 1676 004c 941C      		.word	7316
 1677 004e 0B00      		.word	11
 1678 0050 7A07      		.word	1914
 1679 0052 4E10      		.word	4174
 1680 0054 9219      		.word	6546
 1681 0056 2F0B      		.word	2863
 1682 0058 E610      		.word	4326
 1683 005a B600      		.word	182
 1684 005c FA1A      		.word	6906
 1685 005e 0508      		.word	2053
 1686 0060 5517      		.word	5973
 1687 0062 6317      		.word	5987
 1688 0064 600D      		.word	3424
 1689 0066 D005      		.word	1488
 1690 0068 440A      		.word	2628
 1691 006a 1900      		.word	25
 1692 006c 2614      		.word	5158
 1693 006e 191B      		.word	6937
 1694 0070 950C      		.word	3221
 1695 0072 1D17      		.word	5917
 1696 0074 D906      		.word	1753
 1697 0076 F71D      		.word	7671
 1698 0078 DD07      		.word	2013
 1699 007a 811D      		.word	7553
 1700 007c 3D10      		.word	4157
 1701 007e 4A0A      		.word	2634
 1702 0080 3813      		.word	4920
 1703 0082 2412      		.word	4644
 1704 0084 7A0D      		.word	3450
 1705 0086 4A00      		.word	74
 1706 0088 1911      		.word	4377
 1707 008a 8817      		.word	6024
 1708 008c 0112      		.word	4609
 1709 008e 2D0F      		.word	3885
 1710 0090 1901      		.word	281
 1711 0092 5214      		.word	5202
 1712 0094 9118      		.word	6289
 1713 0096 D310      		.word	4307
 1714 0098 0010      		.word	4096
 1715 009a 8109      		.word	2433
 1716 009c FF01      		.word	511
 1717 009e DB04      		.word	1243
 1718 00a0 2D1A      		.word	6701
 1719 00a2 B31C      		.word	7347
 1720 00a4 0F01      		.word	271
 1721 00a6 7A04      		.word	1146
 1722 00a8 C413      		.word	5060
 1723 00aa F819      		.word	6648
 1724 00ac C303      		.word	963
 1725 00ae 9E03      		.word	926
 1726 00b0 3A11      		.word	4410
 1727 00b2 C01D      		.word	7616
 1728 00b4 181C      		.word	7192
 1729 00b6 B403      		.word	948
 1730 00b8 9F13      		.word	5023
 1731 00ba 850C      		.word	3205
 1732 00bc 1A1A      		.word	6682
 1733 00be 8604      		.word	1158
 1734 00c0 1804      		.word	1048
 1735 00c2 9109      		.word	2449
 1736 00c4 CB07      		.word	1995
 1737 00c6 900D      		.word	3472
 1738 00c8 AB15      		.word	5547
 1739 00ca E019      		.word	6624
 1740 00cc 680C      		.word	3176
 1741 00ce 5E18      		.word	6238
 1742 00d0 B511      		.word	4533
 1743 00d2 040B      		.word	2820
 1744 00d4 C514      		.word	5317
 1745 00d6 B414      		.word	5300
 1746 00d8 6410      		.word	4196
 1747 00da D50A      		.word	2773
 1748 00dc B917      		.word	6073
 1749 00de 961C      		.word	7318
 1750 00e0 CD11      		.word	4557
 1751 00e2 3E16      		.word	5694
 1752 00e4 A506      		.word	1701
 1753 00e6 D609      		.word	2518
 1754 00e8 4B0B      		.word	2891
 1755 00ea DC01      		.word	476
 1756 00ec A418      		.word	6308
 1757 00ee 2910      		.word	4137
 1758 00f0 C80F      		.word	4040
 1759 00f2 5E19      		.word	6494
 1760 00f4 CA1D      		.word	7626
 1761 00f6 A90C      		.word	3241
 1762 00f8 850A      		.word	2693
 1763 00fa 141B      		.word	6932
 1764 00fc B615      		.word	5558
 1765 00fe 7F1B      		.word	7039
 1766 0100 900E      		.word	3728
 1767 0102 1314      		.word	5139
 1768 0104 C407      		.word	1988
 1769 0106 2711      		.word	4391
 1770 0108 0C10      		.word	4108
 1771 010a C508      		.word	2245
 1772 010c E00D      		.word	3552
 1773 010e CE0B      		.word	3022
 1774 0110 D813      		.word	5080
 1775 0112 C110      		.word	4289
 1776 0114 F906      		.word	1785
 1777 0116 B202      		.word	690
 1778 0118 6E1C      		.word	7278
 1779 011a EE08      		.word	2286
 1780 011c 6E09      		.word	2414
 1781 011e 8712      		.word	4743
 1782 0120 2B1D      		.word	7467
 1783 0122 7500      		.word	117
 1784 0124 3D15      		.word	5437
 1785 0126 2718      		.word	6183
 1786 0128 A60B      		.word	2982
 1787 012a AC1A      		.word	6828
 1788 012c 3D03      		.word	829
 1789 012e 7F07      		.word	1919
 1790 0130 1901      		.word	281
 1791 0132 AE12      		.word	4782
 1792 0134 410C      		.word	3137
 1793 0136 1307      		.word	1811
 1794 0138 CF00      		.word	207
 1795 013a C903      		.word	969
 1796 013c 4711      		.word	4423
 1797 013e 0803      		.word	776
 1798 0140 DF1C      		.word	7391
 1799 0142 8613      		.word	4998
 1800 0144 7702      		.word	631
 1801 0146 C201      		.word	450
 1802 0148 F202      		.word	754
 1803 014a DF06      		.word	1759
 1804 014c F40E      		.word	3828
 1805 014e 2E0A      		.word	2606
 1806 0150 600B      		.word	2912
 1807 0152 2E0B      		.word	2862
 1808 0154 8509      		.word	2437
 1809 0156 0413      		.word	4868
 1810 0158 5403      		.word	852
 1811 015a E40B      		.word	3044
 1812 015c B801      		.word	440
 1813 015e 0208      		.word	2050
 1814 0160 101A      		.word	6672
 1815 0162 BD00      		.word	189
 1816 0164 C21A      		.word	6850
 1817 0166 F205      		.word	1522
 1818 0168 C710      		.word	4295
 1819 016a 7911      		.word	4473
 1820 016c 6316      		.word	5731
 1821 016e 0E16      		.word	5646
 1822 0170 BD07      		.word	1981
 1823 0172 C011      		.word	4544
 1824 0174 8316      		.word	5763
 1825 0176 3B17      		.word	5947
 1826 0178 1F1A      		.word	6687
 1827 017a 4D12      		.word	4685
 1828 017c 2209      		.word	2338
 1829 017e 2B17      		.word	5931
 1830 0180 1702      		.word	535
 1831 0182 7807      		.word	1912
 1832 0184 9F1C      		.word	7327
 1833 0186 5C1D      		.word	7516
 1834 0188 9806      		.word	1688
 1835 018a AE0F      		.word	4014
 1836 018c D31A      		.word	6867
 1837 018e 050F      		.word	3845
 1838 0190 8905      		.word	1417
 1839 0192 7907      		.word	1913
 1840 0194 6419      		.word	6500
 1841 0196 E50D      		.word	3557
 1842 0198 E60B      		.word	3046
 1843 019a 7803      		.word	888
 1844 019c 0917      		.word	5897
 1845 019e EF0A      		.word	2799
 1846 01a0 4813      		.word	4936
 1847 01a2 9612      		.word	4758
 1848 01a4 A20C      		.word	3234
 1849 01a6 2611      		.word	4390
 1850 01a8 9211      		.word	4498
 1851 01aa AA09      		.word	2474
 1852 01ac 0C0A      		.word	2572
 1853 01ae FB1D      		.word	7675
 1854 01b0 D918      		.word	6361
 1855 01b2 8E0D      		.word	3470
 1856 01b4 0204      		.word	1026
 1857 01b6 1417      		.word	5908
 1858 01b8 3202      		.word	562
 1859 01ba 4418      		.word	6212
 1860 01bc C31B      		.word	7107
 1861 01be 0209      		.word	2306
 1862 01c0 8716      		.word	5767
 1863 01c2 DA12      		.word	4826
 1864 01c4 871B      		.word	7047
 1865 01c6 041C      		.word	7172
 1866 01c8 D119      		.word	6609
 1867 01ca 2017      		.word	5920
 1868 01cc F11C      		.word	7409
 1869 01ce 4D17      		.word	5965
 1870 01d0 5C11      		.word	4444
 1871 01d2 E80E      		.word	3816
 1872 01d4 BE0D      		.word	3518
 1873 01d6 791D      		.word	7545
 1874 01d8 3005      		.word	1328
 1875 01da 0512      		.word	4613
 1876 01dc 3C0E      		.word	3644
 1877 01de D514      		.word	5333
 1878 01e0 FA0B      		.word	3066
 1879 01e2 BB0C      		.word	3259
 1880 01e4 B50A      		.word	2741
 1881 01e6 1310      		.word	4115
 1882 01e8 F014      		.word	5360
 1883 01ea 7E1A      		.word	6782
 1884 01ec AA07      		.word	1962
 1885 01ee 1109      		.word	2321
 1886 01f0 0805      		.word	1288
 1887 01f2 EE04      		.word	1262
 1888 01f4 F618      		.word	6390
 1889 01f6 A705      		.word	1447
 1890 01f8 5617      		.word	5974
 1891 01fa 531B      		.word	6995
 1892 01fc 8B04      		.word	1163
 1893 01fe 2117      		.word	5921
 1895               		.section	.progmem.data.prvKeyR2_7681_256,"a"
 1898               	prvKeyR2_7681_256:
 1899 0000 A30F      		.word	4003
 1900 0002 0011      		.word	4352
 1901 0004 6800      		.word	104
 1902 0006 7D0C      		.word	3197
 1903 0008 930E      		.word	3731
 1904 000a 2B0C      		.word	3115
 1905 000c A414      		.word	5284
 1906 000e 5D05      		.word	1373
 1907 0010 2D02      		.word	557
 1908 0012 6007      		.word	1888
 1909 0014 C50A      		.word	2757
 1910 0016 A800      		.word	168
 1911 0018 F40A      		.word	2804
 1912 001a 2818      		.word	6184
 1913 001c 8808      		.word	2184
 1914 001e 351D      		.word	7477
 1915 0020 C40C      		.word	3268
 1916 0022 CE0E      		.word	3790
 1917 0024 2E17      		.word	5934
 1918 0026 8F1A      		.word	6799
 1919 0028 D213      		.word	5074
 1920 002a 5713      		.word	4951
 1921 002c 0C14      		.word	5132
 1922 002e 4E12      		.word	4686
 1923 0030 BA0A      		.word	2746
 1924 0032 A61C      		.word	7334
 1925 0034 8A1C      		.word	7306
 1926 0036 FB16      		.word	5883
 1927 0038 4D10      		.word	4173
 1928 003a BB03      		.word	955
 1929 003c EE09      		.word	2542
 1930 003e 3219      		.word	6450
 1931 0040 EE11      		.word	4590
 1932 0042 800F      		.word	3968
 1933 0044 B814      		.word	5304
 1934 0046 A70C      		.word	3239
 1935 0048 0A03      		.word	778
 1936 004a 7B04      		.word	1147
 1937 004c 9914      		.word	5273
 1938 004e 7A11      		.word	4474
 1939 0050 ED13      		.word	5101
 1940 0052 A70E      		.word	3751
 1941 0054 4D1C      		.word	7245
 1942 0056 F71A      		.word	6903
 1943 0058 D007      		.word	2000
 1944 005a 2F0F      		.word	3887
 1945 005c 4917      		.word	5961
 1946 005e A508      		.word	2213
 1947 0060 3E1B      		.word	6974
 1948 0062 500D      		.word	3408
 1949 0064 6102      		.word	609
 1950 0066 A10B      		.word	2977
 1951 0068 510A      		.word	2641
 1952 006a D817      		.word	6104
 1953 006c FC1C      		.word	7420
 1954 006e 1907      		.word	1817
 1955 0070 F70F      		.word	4087
 1956 0072 2416      		.word	5668
 1957 0074 C703      		.word	967
 1958 0076 631A      		.word	6755
 1959 0078 691C      		.word	7273
 1960 007a 7E00      		.word	126
 1961 007c 521B      		.word	6994
 1962 007e 7E09      		.word	2430
 1963 0080 470A      		.word	2631
 1964 0082 0801      		.word	264
 1965 0084 7615      		.word	5494
 1966 0086 481D      		.word	7496
 1967 0088 CA10      		.word	4298
 1968 008a 8417      		.word	6020
 1969 008c 2703      		.word	807
 1970 008e 8C06      		.word	1676
 1971 0090 E113      		.word	5089
 1972 0092 B611      		.word	4534
 1973 0094 9801      		.word	408
 1974 0096 850E      		.word	3717
 1975 0098 5007      		.word	1872
 1976 009a 721B      		.word	7026
 1977 009c 8E05      		.word	1422
 1978 009e B31C      		.word	7347
 1979 00a0 3B11      		.word	4411
 1980 00a2 AB12      		.word	4779
 1981 00a4 770E      		.word	3703
 1982 00a6 BF03      		.word	959
 1983 00a8 7106      		.word	1649
 1984 00aa A703      		.word	935
 1985 00ac DA0C      		.word	3290
 1986 00ae A814      		.word	5288
 1987 00b0 0701      		.word	263
 1988 00b2 2A13      		.word	4906
 1989 00b4 8F16      		.word	5775
 1990 00b6 B401      		.word	436
 1991 00b8 5212      		.word	4690
 1992 00ba 0015      		.word	5376
 1993 00bc 5111      		.word	4433
 1994 00be E207      		.word	2018
 1995 00c0 C702      		.word	711
 1996 00c2 8C1B      		.word	7052
 1997 00c4 020B      		.word	2818
 1998 00c6 EF14      		.word	5359
 1999 00c8 1E1C      		.word	7198
 2000 00ca E41B      		.word	7140
 2001 00cc 0215      		.word	5378
 2002 00ce F80B      		.word	3064
 2003 00d0 0012      		.word	4608
 2004 00d2 4408      		.word	2116
 2005 00d4 D602      		.word	726
 2006 00d6 B017      		.word	6064
 2007 00d8 A100      		.word	161
 2008 00da AA1A      		.word	6826
 2009 00dc 2911      		.word	4393
 2010 00de E104      		.word	1249
 2011 00e0 8E00      		.word	142
 2012 00e2 841B      		.word	7044
 2013 00e4 CA09      		.word	2506
 2014 00e6 CF05      		.word	1487
 2015 00e8 6705      		.word	1383
 2016 00ea 9218      		.word	6290
 2017 00ec 3702      		.word	567
 2018 00ee F706      		.word	1783
 2019 00f0 4F12      		.word	4687
 2020 00f2 F110      		.word	4337
 2021 00f4 0902      		.word	521
 2022 00f6 0C0D      		.word	3340
 2023 00f8 C219      		.word	6594
 2024 00fa 3417      		.word	5940
 2025 00fc 7917      		.word	6009
 2026 00fe 5607      		.word	1878
 2027 0100 2905      		.word	1321
 2028 0102 D012      		.word	4816
 2029 0104 F40A      		.word	2804
 2030 0106 C21D      		.word	7618
 2031 0108 8612      		.word	4742
 2032 010a 2804      		.word	1064
 2033 010c 5B1C      		.word	7259
 2034 010e D30D      		.word	3539
 2035 0110 7C15      		.word	5500
 2036 0112 F518      		.word	6389
 2037 0114 9502      		.word	661
 2038 0116 AE00      		.word	174
 2039 0118 060E      		.word	3590
 2040 011a 8E0A      		.word	2702
 2041 011c 7D11      		.word	4477
 2042 011e 631A      		.word	6755
 2043 0120 FB03      		.word	1019
 2044 0122 3606      		.word	1590
 2045 0124 A006      		.word	1696
 2046 0126 220C      		.word	3106
 2047 0128 CA1D      		.word	7626
 2048 012a C202      		.word	706
 2049 012c 6A19      		.word	6506
 2050 012e 4E11      		.word	4430
 2051 0130 A30A      		.word	2723
 2052 0132 5309      		.word	2387
 2053 0134 CE14      		.word	5326
 2054 0136 7307      		.word	1907
 2055 0138 730F      		.word	3955
 2056 013a D60A      		.word	2774
 2057 013c D011      		.word	4560
 2058 013e 2D0A      		.word	2605
 2059 0140 CD03      		.word	973
 2060 0142 E701      		.word	487
 2061 0144 8A0F      		.word	3978
 2062 0146 AB17      		.word	6059
 2063 0148 7B00      		.word	123
 2064 014a D71B      		.word	7127
 2065 014c 8012      		.word	4736
 2066 014e A407      		.word	1956
 2067 0150 C40C      		.word	3268
 2068 0152 521C      		.word	7250
 2069 0154 271A      		.word	6695
 2070 0156 6216      		.word	5730
 2071 0158 C112      		.word	4801
 2072 015a 8417      		.word	6020
 2073 015c 130A      		.word	2579
 2074 015e 5317      		.word	5971
 2075 0160 B210      		.word	4274
 2076 0162 F318      		.word	6387
 2077 0164 440E      		.word	3652
 2078 0166 F20F      		.word	4082
 2079 0168 2E00      		.word	46
 2080 016a E70C      		.word	3303
 2081 016c D215      		.word	5586
 2082 016e C20A      		.word	2754
 2083 0170 6502      		.word	613
 2084 0172 BE0B      		.word	3006
 2085 0174 E809      		.word	2536
 2086 0176 D70C      		.word	3287
 2087 0178 7910      		.word	4217
 2088 017a E815      		.word	5608
 2089 017c 8014      		.word	5248
 2090 017e BA02      		.word	698
 2091 0180 F81A      		.word	6904
 2092 0182 3C16      		.word	5692
 2093 0184 A800      		.word	168
 2094 0186 EE13      		.word	5102
 2095 0188 6102      		.word	609
 2096 018a C512      		.word	4805
 2097 018c F518      		.word	6389
 2098 018e 0D1A      		.word	6669
 2099 0190 6308      		.word	2147
 2100 0192 D914      		.word	5337
 2101 0194 1504      		.word	1045
 2102 0196 FF09      		.word	2559
 2103 0198 8F1D      		.word	7567
 2104 019a 6616      		.word	5734
 2105 019c 560D      		.word	3414
 2106 019e 6502      		.word	613
 2107 01a0 E101      		.word	481
 2108 01a2 901D      		.word	7568
 2109 01a4 C507      		.word	1989
 2110 01a6 111D      		.word	7441
 2111 01a8 7201      		.word	370
 2112 01aa 5E08      		.word	2142
 2113 01ac 9711      		.word	4503
 2114 01ae CC1B      		.word	7116
 2115 01b0 1E07      		.word	1822
 2116 01b2 7F19      		.word	6527
 2117 01b4 8416      		.word	5764
 2118 01b6 EF17      		.word	6127
 2119 01b8 8D10      		.word	4237
 2120 01ba DE16      		.word	5854
 2121 01bc 1909      		.word	2329
 2122 01be A20D      		.word	3490
 2123 01c0 3B01      		.word	315
 2124 01c2 8306      		.word	1667
 2125 01c4 1314      		.word	5139
 2126 01c6 D014      		.word	5328
 2127 01c8 830E      		.word	3715
 2128 01ca 8E01      		.word	398
 2129 01cc 0402      		.word	516
 2130 01ce 7311      		.word	4467
 2131 01d0 341C      		.word	7220
 2132 01d2 1D18      		.word	6173
 2133 01d4 410E      		.word	3649
 2134 01d6 5A0D      		.word	3418
 2135 01d8 DB10      		.word	4315
 2136 01da 111D      		.word	7441
 2137 01dc 000A      		.word	2560
 2138 01de 8912      		.word	4745
 2139 01e0 ED18      		.word	6381
 2140 01e2 AB04      		.word	1195
 2141 01e4 C71B      		.word	7111
 2142 01e6 B008      		.word	2224
 2143 01e8 D213      		.word	5074
 2144 01ea A619      		.word	6566
 2145 01ec D80E      		.word	3800
 2146 01ee C01A      		.word	6848
 2147 01f0 BF06      		.word	1727
 2148 01f2 AE1D      		.word	7598
 2149 01f4 A810      		.word	4264
 2150 01f6 A314      		.word	5283
 2151 01f8 C306      		.word	1731
 2152 01fa 3801      		.word	312
 2153 01fc 860F      		.word	3974
 2154 01fe 3E0C      		.word	3134
 2156               		.section	.progmem.data.omegainvbitrev_7681_256,"a"
 2159               	omegainvbitrev_7681_256:
 2160 0000 0100      		.word	1
 2161 0002 370D      		.word	3383
 2162 0004 8507      		.word	1925
 2163 0006 4419      		.word	6468
 2164 0008 BA1B      		.word	7098
 2165 000a C006      		.word	1728
 2166 000c B01A      		.word	6832
 2167 000e 0F02      		.word	527
 2168 0010 8E09      		.word	2446
 2169 0012 4D09      		.word	2381
 2170 0014 6100      		.word	97
 2171 0016 AD15      		.word	5549
 2172 0018 580A      		.word	2648
 2173 001a 5A08      		.word	2138
 2174 001c 2113      		.word	4897
 2175 001e AB18      		.word	6315
 2176 0020 5E1B      		.word	7006
 2177 0022 2515      		.word	5413
 2178 0024 FB18      		.word	6395
 2179 0026 ED11      		.word	4589
 2180 0028 0207      		.word	1794
 2181 002a 5804      		.word	1112
 2182 002c 4912      		.word	4681
 2183 002e A214      		.word	5282
 2184 0030 6D01      		.word	365
 2185 0032 CB16      		.word	5835
 2186 0034 460E      		.word	3654
 2187 0036 C10A      		.word	2753
 2188 0038 E108      		.word	2273
 2189 003a 6E03      		.word	878
 2190 003c AC13      		.word	5036
 2191 003e 4A01      		.word	330
 2192 0040 3514      		.word	5173
 2193 0042 7D0B      		.word	2941
 2194 0044 790D      		.word	3449
 2195 0046 1002      		.word	528
 2196 0048 D60A      		.word	2774
 2197 004a 3517      		.word	5941
 2198 004c 7706      		.word	1655
 2199 004e B91B      		.word	7097
 2200 0050 F709      		.word	2551
 2201 0052 AE10      		.word	4270
 2202 0054 D409      		.word	2516
 2203 0056 3804      		.word	1080
 2204 0058 410B      		.word	2881
 2205 005a 031B      		.word	6915
 2206 005c F300      		.word	243
 2207 005e CA00      		.word	202
 2208 0060 080C      		.word	3080
 2209 0062 6C10      		.word	4204
 2210 0064 251B      		.word	6949
 2211 0066 FF11      		.word	4607
 2212 0068 B206      		.word	1714
 2213 006a 4C1B      		.word	6988
 2214 006c CD10      		.word	4301
 2215 006e A509      		.word	2469
 2216 0070 9C18      		.word	6300
 2217 0072 AE16      		.word	5806
 2218 0074 E21A      		.word	6882
 2219 0076 B702      		.word	695
 2220 0078 9B18      		.word	6299
 2221 007a 7709      		.word	2423
 2222 007c 5D13      		.word	4957
 2223 007e 7407      		.word	1908
 2224 0080 B819      		.word	6584
 2225 0082 3519      		.word	6453
 2226 0084 2602      		.word	550
 2227 0086 3807      		.word	1848
 2228 0088 EC07      		.word	2028
 2229 008a 3706      		.word	1591
 2230 008c A007      		.word	1952
 2231 008e 0516      		.word	5637
 2232 0090 E013      		.word	5088
 2233 0092 601C      		.word	7264
 2234 0094 6504      		.word	1125
 2235 0096 C40E      		.word	3780
 2236 0098 6318      		.word	6243
 2237 009a 8813      		.word	5000
 2238 009c 5312      		.word	4691
 2239 009e C302      		.word	707
 2240 00a0 1B0C      		.word	3099
 2241 00a2 791B      		.word	7033
 2242 00a4 FF13      		.word	5119
 2243 00a6 FB11      		.word	4603
 2244 00a8 6F17      		.word	5999
 2245 00aa 8705      		.word	1415
 2246 00ac CC0D      		.word	3532
 2247 00ae C112      		.word	4801
 2248 00b0 201A      		.word	6688
 2249 00b2 5F13      		.word	4959
 2250 00b4 1404      		.word	1044
 2251 00b6 8118      		.word	6273
 2252 00b8 1C0B      		.word	2844
 2253 00ba 2012      		.word	4640
 2254 00bc C416      		.word	5828
 2255 00be 161A      		.word	6678
 2256 00c0 C605      		.word	1478
 2257 00c2 001D      		.word	7424
 2258 00c4 6C0C      		.word	3180
 2259 00c6 BC11      		.word	4540
 2260 00c8 8718      		.word	6279
 2261 00ca 340F      		.word	3892
 2262 00cc FE12      		.word	4862
 2263 00ce 350C      		.word	3125
 2264 00d0 FE13      		.word	5118
 2265 00d2 C404      		.word	1220
 2266 00d4 F413      		.word	5108
 2267 00d6 A316      		.word	5795
 2268 00d8 1310      		.word	4115
 2269 00da 010C      		.word	3073
 2270 00dc D808      		.word	2264
 2271 00de 8304      		.word	1155
 2272 00e0 7003      		.word	880
 2273 00e2 8D11      		.word	4493
 2274 00e4 5410      		.word	4180
 2275 00e6 DB00      		.word	219
 2276 00e8 3306      		.word	1587
 2277 00ea 3B1D      		.word	7483
 2278 00ec F215      		.word	5618
 2279 00ee 540B      		.word	2900
 2280 00f0 0807      		.word	1800
 2281 00f2 A017      		.word	6048
 2282 00f4 6503      		.word	869
 2283 00f6 3516      		.word	5685
 2284 00f8 510B      		.word	2897
 2285 00fa 6C1C      		.word	7276
 2286 00fc 3F01      		.word	319
 2287 00fe FD0E      		.word	3837
 2288 0100 5B04      		.word	1115
 2289 0102 A202      		.word	674
 2290 0104 300D      		.word	3376
 2291 0106 821B      		.word	7042
 2292 0108 180B      		.word	2840
 2293 010a 4619      		.word	6470
 2294 010c B116      		.word	5809
 2295 010e 090F      		.word	3849
 2296 0110 1702      		.word	535
 2297 0112 0613      		.word	4870
 2298 0114 6D02      		.word	621
 2299 0116 5A0F      		.word	3930
 2300 0118 C80B      		.word	3016
 2301 011a C80A      		.word	2760
 2302 011c F519      		.word	6645
 2303 011e 3515      		.word	5429
 2304 0120 7100      		.word	113
 2305 0122 1617      		.word	5910
 2306 0124 9909      		.word	2457
 2307 0126 A504      		.word	1189
 2308 0128 B20C      		.word	3250
 2309 012a A70C      		.word	3239
 2310 012c 4C0F      		.word	3916
 2311 012e 9816      		.word	5784
 2312 0130 8B1D      		.word	7563
 2313 0132 DA00      		.word	218
 2314 0134 D00C      		.word	3280
 2315 0136 0C13      		.word	4876
 2316 0138 B21C      		.word	7346
 2317 013a 9B0D      		.word	3483
 2318 013c 4901      		.word	329
 2319 013e 1F1B      		.word	6943
 2320 0140 E91B      		.word	7145
 2321 0142 C51B      		.word	7109
 2322 0144 0F14      		.word	5135
 2323 0146 6413      		.word	4964
 2324 0148 8014      		.word	5248
 2325 014a 790C      		.word	3193
 2326 014c 5D07      		.word	1885
 2327 014e BD06      		.word	1725
 2328 0150 5B09      		.word	2395
 2329 0152 6F19      		.word	6511
 2330 0154 EF06      		.word	1775
 2331 0156 4C17      		.word	5964
 2332 0158 7906      		.word	1657
 2333 015a 2618      		.word	6182
 2334 015c 3E08      		.word	2110
 2335 015e B109      		.word	2481
 2336 0160 1903      		.word	793
 2337 0162 0208      		.word	2050
 2338 0164 3716      		.word	5687
 2339 0166 0917      		.word	5897
 2340 0168 4E18      		.word	6222
 2341 016a 0E0C      		.word	3086
 2342 016c 6F0A      		.word	2671
 2343 016e 410C      		.word	3137
 2344 0170 E20F      		.word	4066
 2345 0172 9018      		.word	6288
 2346 0174 6F00      		.word	111
 2347 0176 A91A      		.word	6825
 2348 0178 870B      		.word	2951
 2349 017a EE15      		.word	5614
 2350 017c 4011      		.word	4416
 2351 017e 281D      		.word	7464
 2352 0180 AD16      		.word	5805
 2353 0182 2F16      		.word	5679
 2354 0184 3319      		.word	6451
 2355 0186 DC07      		.word	2012
 2356 0188 BE0B      		.word	3006
 2357 018a A71C      		.word	7335
 2358 018c C50A      		.word	2757
 2359 018e 9508      		.word	2197
 2360 0190 BE11      		.word	4542
 2361 0192 020E      		.word	3586
 2362 0194 4409      		.word	2372
 2363 0196 8815      		.word	5512
 2364 0198 A707      		.word	1959
 2365 019a 8318      		.word	6275
 2366 019c D91C      		.word	7385
 2367 019e EB12      		.word	4843
 2368 01a0 D819      		.word	6616
 2369 01a2 071C      		.word	7175
 2370 01a4 BE02      		.word	702
 2371 01a6 9D05      		.word	1437
 2372 01a8 0F19      		.word	6415
 2373 01aa 300C      		.word	3120
 2374 01ac 8415      		.word	5508
 2375 01ae E31B      		.word	7139
 2376 01b0 9619      		.word	6550
 2377 01b2 F619      		.word	6646
 2378 01b4 8510      		.word	4229
 2379 01b6 4D12      		.word	4685
 2380 01b8 5819      		.word	6488
 2381 01ba BF10      		.word	4287
 2382 01bc 5E00      		.word	94
 2383 01be 090C      		.word	3081
 2384 01c0 8C10      		.word	4236
 2385 01c2 CB14      		.word	5323
 2386 01c4 9712      		.word	4759
 2387 01c6 4101      		.word	321
 2388 01c8 6E0E      		.word	3694
 2389 01ca 481D      		.word	7496
 2390 01cc 8917      		.word	6025
 2391 01ce 1213      		.word	4882
 2392 01d0 641C      		.word	7268
 2393 01d2 FB02      		.word	763
 2394 01d4 D70E      		.word	3799
 2395 01d6 A806      		.word	1704
 2396 01d8 6C0A      		.word	2668
 2397 01da 9D02      		.word	669
 2398 01dc 8013      		.word	4992
 2399 01de EA13      		.word	5098
 2400 01e0 5116      		.word	5713
 2401 01e2 9306      		.word	1683
 2402 01e4 7E17      		.word	6014
 2403 01e6 BA17      		.word	6074
 2404 01e8 3B0B      		.word	2875
 2405 01ea BB07      		.word	1979
 2406 01ec D70F      		.word	4055
 2407 01ee 381D      		.word	7480
 2408 01f0 D308      		.word	2259
 2409 01f2 731C      		.word	7283
 2410 01f4 6904      		.word	1129
 2411 01f6 9E07      		.word	1950
 2412 01f8 2710      		.word	4135
 2413 01fa 4406      		.word	1604
 2414 01fc 3709      		.word	2359
 2415 01fe C31D      		.word	7619
 2417               		.section	.progmem.data.psibitrev_7681_256,"a"
 2420               	psibitrev_7681_256:
 2421 0000 0100      		.word	1
 2422 0002 CA10      		.word	4298
 2423 0004 BD04      		.word	1213
 2424 0006 7C16      		.word	5756
 2425 0008 F21B      		.word	7154
 2426 000a 5103      		.word	849
 2427 000c 4117      		.word	5953
 2428 000e 4702      		.word	583
 2429 0010 5605      		.word	1366
 2430 0012 E00A      		.word	2784
 2431 0014 A715      		.word	5543
 2432 0016 A913      		.word	5033
 2433 0018 5408      		.word	2132
 2434 001a A01D      		.word	7584
 2435 001c B414      		.word	5300
 2436 001e 7314      		.word	5235
 2437 0020 B71C      		.word	7351
 2438 0022 550A      		.word	2645
 2439 0024 931A      		.word	6803
 2440 0026 2015      		.word	5408
 2441 0028 4013      		.word	4928
 2442 002a BB0F      		.word	4027
 2443 002c 3607      		.word	1846
 2444 002e 941C      		.word	7316
 2445 0030 5F09      		.word	2399
 2446 0032 B80B      		.word	3000
 2447 0034 A919      		.word	6569
 2448 0036 FF16      		.word	5887
 2449 0038 140C      		.word	3092
 2450 003a 0605      		.word	1286
 2451 003c DC08      		.word	2268
 2452 003e A302      		.word	675
 2453 0040 8D16      		.word	5773
 2454 0042 A40A      		.word	2724
 2455 0044 8A14      		.word	5258
 2456 0046 6605      		.word	1382
 2457 0048 4A1B      		.word	6986
 2458 004a 1F03      		.word	799
 2459 004c 5307      		.word	1875
 2460 004e 6505      		.word	1381
 2461 0050 5C14      		.word	5212
 2462 0052 340D      		.word	3380
 2463 0054 B502      		.word	693
 2464 0056 4F17      		.word	5967
 2465 0058 020C      		.word	3074
 2466 005a DC02      		.word	732
 2467 005c 950D      		.word	3477
 2468 005e F911      		.word	4601
 2469 0060 371D      		.word	7479
 2470 0062 0E1D      		.word	7438
 2471 0064 FE02      		.word	766
 2472 0066 C012      		.word	4800
 2473 0068 C919      		.word	6601
 2474 006a 2D14      		.word	5165
 2475 006c 530D      		.word	3411
 2476 006e 0A14      		.word	5130
 2477 0070 4802      		.word	584
 2478 0072 8A17      		.word	6026
 2479 0074 CC06      		.word	1740
 2480 0076 2B13      		.word	4907
 2481 0078 F11B      		.word	7153
 2482 007a 8810      		.word	4232
 2483 007c 8412      		.word	4740
 2484 007e CC09      		.word	2508
 2485 0080 040F      		.word	3844
 2486 0082 C21C      		.word	7362
 2487 0084 9501      		.word	405
 2488 0086 B012      		.word	4784
 2489 0088 CC07      		.word	1996
 2490 008a 9C1A      		.word	6812
 2491 008c 6106      		.word	1633
 2492 008e F916      		.word	5881
 2493 0090 AD12      		.word	4781
 2494 0092 0F08      		.word	2063
 2495 0094 C600      		.word	198
 2496 0096 CE17      		.word	6094
 2497 0098 261D      		.word	7462
 2498 009a AD0D      		.word	3501
 2499 009c 740C      		.word	3188
 2500 009e 911A      		.word	6801
 2501 00a0 7E19      		.word	6526
 2502 00a2 2915      		.word	5417
 2503 00a4 0012      		.word	4608
 2504 00a6 EE0D      		.word	3566
 2505 00a8 5E07      		.word	1886
 2506 00aa 0D0A      		.word	2573
 2507 00ac 3D19      		.word	6461
 2508 00ae 030A      		.word	2563
 2509 00b0 CC11      		.word	4556
 2510 00b2 030B      		.word	2819
 2511 00b4 CD0E      		.word	3789
 2512 00b6 7A05      		.word	1402
 2513 00b8 450C      		.word	3141
 2514 00ba 9511      		.word	4501
 2515 00bc 0101      		.word	257
 2516 00be 3B18      		.word	6203
 2517 00c0 EB03      		.word	1003
 2518 00c2 3D07      		.word	1853
 2519 00c4 E10B      		.word	3041
 2520 00c6 E512      		.word	4837
 2521 00c8 8005      		.word	1408
 2522 00ca ED19      		.word	6637
 2523 00cc A20A      		.word	2722
 2524 00ce E103      		.word	993
 2525 00d0 400B      		.word	2880
 2526 00d2 3510      		.word	4149
 2527 00d4 7A18      		.word	6266
 2528 00d6 9206      		.word	1682
 2529 00d8 060C      		.word	3078
 2530 00da 020A      		.word	2562
 2531 00dc 8802      		.word	648
 2532 00de E611      		.word	4582
 2533 00e0 3E1B      		.word	6974
 2534 00e2 AE0B      		.word	2990
 2535 00e4 790A      		.word	2681
 2536 00e6 9E05      		.word	1438
 2537 00e8 3D0F      		.word	3901
 2538 00ea 9C19      		.word	6556
 2539 00ec A101      		.word	417
 2540 00ee 210A      		.word	2593
 2541 00f0 FC07      		.word	2044
 2542 00f2 6116      		.word	5729
 2543 00f4 CA17      		.word	6090
 2544 00f6 1516      		.word	5653
 2545 00f8 C916      		.word	5833
 2546 00fa DB1B      		.word	7131
 2547 00fc CC04      		.word	1228
 2548 00fe 4904      		.word	1097
 2549 0100 3E00      		.word	62
 2550 0102 CA14      		.word	5322
 2551 0104 BD17      		.word	6077
 2552 0106 DA0D      		.word	3546
 2553 0108 6316      		.word	5731
 2554 010a 9819      		.word	6552
 2555 010c 8E01      		.word	398
 2556 010e 2E15      		.word	5422
 2557 0110 C900      		.word	201
 2558 0112 2A0E      		.word	3626
 2559 0114 4616      		.word	5702
 2560 0116 C612      		.word	4806
 2561 0118 4706      		.word	1607
 2562 011a 8306      		.word	1667
 2563 011c 6E17      		.word	5998
 2564 011e B007      		.word	1968
 2565 0120 170A      		.word	2583
 2566 0122 810A      		.word	2689
 2567 0124 641B      		.word	7012
 2568 0126 9513      		.word	5013
 2569 0128 5917      		.word	5977
 2570 012a 2A0F      		.word	3882
 2571 012c 061B      		.word	6918
 2572 012e 9D01      		.word	413
 2573 0130 EF0A      		.word	2799
 2574 0132 7806      		.word	1656
 2575 0134 B900      		.word	185
 2576 0136 930F      		.word	3987
 2577 0138 C01C      		.word	7360
 2578 013a 6A0B      		.word	2922
 2579 013c 3609      		.word	2358
 2580 013e 750D      		.word	3445
 2581 0140 F811      		.word	4600
 2582 0142 A31D      		.word	7587
 2583 0144 420D      		.word	3394
 2584 0146 A904      		.word	1193
 2585 0148 B40B      		.word	2996
 2586 014a 7C0D      		.word	3452
 2587 014c 0B04      		.word	1035
 2588 014e 6B04      		.word	1131
 2589 0150 1E02      		.word	542
 2590 0152 7D08      		.word	2173
 2591 0154 D111      		.word	4561
 2592 0156 F204      		.word	1266
 2593 0158 6418      		.word	6244
 2594 015a 431B      		.word	6979
 2595 015c FA01      		.word	506
 2596 015e 2904      		.word	1065
 2597 0160 160B      		.word	2838
 2598 0162 2801      		.word	296
 2599 0164 7E05      		.word	1406
 2600 0166 5A16      		.word	5722
 2601 0168 7908      		.word	2169
 2602 016a BD14      		.word	5309
 2603 016c FF0F      		.word	4095
 2604 016e 430C      		.word	3139
 2605 0170 6C15      		.word	5484
 2606 0172 3C13      		.word	4924
 2607 0174 5A01      		.word	346
 2608 0176 4312      		.word	4675
 2609 0178 2516      		.word	5669
 2610 017a CE04      		.word	1230
 2611 017c D207      		.word	2002
 2612 017e 5407      		.word	1876
 2613 0180 D900      		.word	217
 2614 0182 C10C      		.word	3265
 2615 0184 1308      		.word	2067
 2616 0186 7A12      		.word	4730
 2617 0188 5803      		.word	856
 2618 018a 921D      		.word	7570
 2619 018c 7105      		.word	1393
 2620 018e 1F0E      		.word	3615
 2621 0190 C011      		.word	4544
 2622 0192 9213      		.word	5010
 2623 0194 F311      		.word	4595
 2624 0196 B305      		.word	1459
 2625 0198 F806      		.word	1784
 2626 019a CA07      		.word	1994
 2627 019c FF15      		.word	5631
 2628 019e E81A      		.word	6888
 2629 01a0 5014      		.word	5200
 2630 01a2 C315      		.word	5571
 2631 01a4 DB05      		.word	1499
 2632 01a6 8817      		.word	6024
 2633 01a8 B506      		.word	1717
 2634 01aa 1217      		.word	5906
 2635 01ac 9204      		.word	1170
 2636 01ae A614      		.word	5286
 2637 01b0 4417      		.word	5956
 2638 01b2 A416      		.word	5796
 2639 01b4 8811      		.word	4488
 2640 01b6 8109      		.word	2433
 2641 01b8 9D0A      		.word	2717
 2642 01ba F209      		.word	2546
 2643 01bc 3C02      		.word	572
 2644 01be 1802      		.word	536
 2645 01c0 E202      		.word	738
 2646 01c2 B81C      		.word	7352
 2647 01c4 6610      		.word	4198
 2648 01c6 4F01      		.word	335
 2649 01c8 F50A      		.word	2805
 2650 01ca 3111      		.word	4401
 2651 01cc 271D      		.word	7463
 2652 01ce 7600      		.word	118
 2653 01d0 6907      		.word	1897
 2654 01d2 B50E      		.word	3765
 2655 01d4 5A11      		.word	4442
 2656 01d6 4F11      		.word	4431
 2657 01d8 5C19      		.word	6492
 2658 01da 6814      		.word	5224
 2659 01dc EB06      		.word	1771
 2660 01de 901D      		.word	7568
 2661 01e0 CC08      		.word	2252
 2662 01e2 0C04      		.word	1036
 2663 01e4 3913      		.word	4921
 2664 01e6 3912      		.word	4665
 2665 01e8 A70E      		.word	3751
 2666 01ea 941B      		.word	7060
 2667 01ec FB0A      		.word	2811
 2668 01ee EA1B      		.word	7146
 2669 01f0 F80E      		.word	3832
 2670 01f2 5007      		.word	1872
 2671 01f4 BB04      		.word	1211
 2672 01f6 E912      		.word	4841
 2673 01f8 7F02      		.word	639
 2674 01fa D110      		.word	4305
 2675 01fc 5F1B      		.word	7007
 2676 01fe A619      		.word	6566
 2678               		.text
 2680               	.Letext0:
 2681               		.ident	"GCC: (GNU) 9.1.0"
 2682               	.global __do_copy_data
 2683               	.global __do_clear_bss
DEFINED SYMBOLS
                            *ABS*:0000000000000000 measureNTT_7681_256.c
/var/folders/mm/zr_rkfjd2qvbw_fkp36g3p0m0000gn/T//cc2QYgbr.s:2      *ABS*:000000000000003e __SP_H__
/var/folders/mm/zr_rkfjd2qvbw_fkp36g3p0m0000gn/T//cc2QYgbr.s:3      *ABS*:000000000000003d __SP_L__
/var/folders/mm/zr_rkfjd2qvbw_fkp36g3p0m0000gn/T//cc2QYgbr.s:4      *ABS*:000000000000003f __SREG__
/var/folders/mm/zr_rkfjd2qvbw_fkp36g3p0m0000gn/T//cc2QYgbr.s:5      *ABS*:000000000000003b __RAMPZ__
/var/folders/mm/zr_rkfjd2qvbw_fkp36g3p0m0000gn/T//cc2QYgbr.s:6      *ABS*:000000000000003a __RAMPY__
/var/folders/mm/zr_rkfjd2qvbw_fkp36g3p0m0000gn/T//cc2QYgbr.s:7      *ABS*:0000000000000039 __RAMPX__
/var/folders/mm/zr_rkfjd2qvbw_fkp36g3p0m0000gn/T//cc2QYgbr.s:8      *ABS*:0000000000000038 __RAMPD__
/var/folders/mm/zr_rkfjd2qvbw_fkp36g3p0m0000gn/T//cc2QYgbr.s:9      *ABS*:0000000000000034 __CCP__
/var/folders/mm/zr_rkfjd2qvbw_fkp36g3p0m0000gn/T//cc2QYgbr.s:10     *ABS*:0000000000000000 __tmp_reg__
/var/folders/mm/zr_rkfjd2qvbw_fkp36g3p0m0000gn/T//cc2QYgbr.s:11     *ABS*:0000000000000001 __zero_reg__
/var/folders/mm/zr_rkfjd2qvbw_fkp36g3p0m0000gn/T//cc2QYgbr.s:493    .text.do_measurement_7681_256:0000000000000000 do_measurement_7681_256
/var/folders/mm/zr_rkfjd2qvbw_fkp36g3p0m0000gn/T//cc2QYgbr.s:2420   .progmem.data.psibitrev_7681_256:0000000000000000 psibitrev_7681_256
/var/folders/mm/zr_rkfjd2qvbw_fkp36g3p0m0000gn/T//cc2QYgbr.s:2159   .progmem.data.omegainvbitrev_7681_256:0000000000000000 omegainvbitrev_7681_256
/var/folders/mm/zr_rkfjd2qvbw_fkp36g3p0m0000gn/T//cc2QYgbr.s:1370   .bss.start:0000000000000000 start
/var/folders/mm/zr_rkfjd2qvbw_fkp36g3p0m0000gn/T//cc2QYgbr.s:1364   .bss.end:0000000000000000 end
/var/folders/mm/zr_rkfjd2qvbw_fkp36g3p0m0000gn/T//cc2QYgbr.s:1637   .progmem.data.pubKeyP_7681_256:0000000000000000 pubKeyP_7681_256
/var/folders/mm/zr_rkfjd2qvbw_fkp36g3p0m0000gn/T//cc2QYgbr.s:1376   .progmem.data.pubKeyA_7681_256:0000000000000000 pubKeyA_7681_256
/var/folders/mm/zr_rkfjd2qvbw_fkp36g3p0m0000gn/T//cc2QYgbr.s:1898   .progmem.data.prvKeyR2_7681_256:0000000000000000 prvKeyR2_7681_256

UNDEFINED SYMBOLS
printf
generateRandomPolyTable_7681_256
startMeasurement
ntt_CT_no_to_bo_incl_psi_7681_256
stopMeasurement
printResult
ntt_CT_no_to_bo_incl_psi_7681_256_nolookup
ntt_GS_bo_to_no_incl_invpsi_7681_256
pw_mul_flash_7681_256
__umulhisi3
__udivmodsi4
__malloc_heap_start
startRAM
pw_psi_7681
endRAM
printResultRAM
add_7681
get_gauss_poly_7681_256
encrypt_7681_256
decrypt_7681_256
add_encode_7681_256
decode_7681_256
print_counter
__do_copy_data
__do_clear_bss
